trace file for the simulation
format of the file
<event> <time> <item id> <server status> <queue size>

a	1.67091	1	0	0
s	1.67091	1	1	0
d	1.72826	1	0	0
a	2.08179	2	0	0
s	2.08179	2	1	0
d	2.10302	2	0	0
a	2.21583	3	0	0
s	2.21583	3	1	0
d	2.28925	3	0	0
a	2.47808	4	0	0
s	2.47808	4	1	0
d	2.48907	4	0	0
a	2.52684	5	0	0
s	2.52684	5	1	0
d	2.55606	5	0	0
a	2.96387	6	0	0
s	2.96387	6	1	0
d	2.97908	6	0	0
a	3.04932	7	0	0
s	3.04932	7	1	0
d	3.11597	7	0	0
a	3.34701	8	0	0
s	3.34701	8	1	0
d	3.76709	8	0	0
a	3.94514	9	0	0
s	3.94514	9	1	0
d	4.04608	9	0	0
a	4.42395	10	0	0
s	4.42395	10	1	0
a	4.42684	11	1	0
d	4.60359	10	1	1
s	4.60359	11	1	0
a	4.62888	12	1	0
d	4.81639	11	1	1
s	4.81639	12	1	0
d	5.28843	12	0	0
a	5.97057	13	0	0
s	5.97057	13	1	0
d	6.06789	13	0	0
a	6.12852	14	0	0
s	6.12852	14	1	0
d	6.18452	14	0	0
a	6.2555	15	0	0
s	6.2555	15	1	0
d	6.3054	15	0	0
a	6.70409	16	0	0
s	6.70409	16	1	0
d	6.74519	16	0	0
a	6.90329	17	0	0
s	6.90329	17	1	0
d	7.00767	17	0	0
a	7.6193	18	0	0
s	7.6193	18	1	0
d	7.66912	18	0	0
a	7.68036	19	0	0
s	7.68036	19	1	0
d	7.70236	19	0	0
a	7.84391	20	0	0
s	7.84391	20	1	0
a	7.87702	21	1	0
a	7.95685	22	1	1
d	7.96366	20	1	2
s	7.96366	21	1	1
a	7.96813	23	1	1
d	7.97138	21	1	2
s	7.97138	22	1	1
a	8.12249	24	1	1
d	8.16634	22	1	2
s	8.16634	23	1	1
d	8.31102	23	1	1
s	8.31102	24	1	0
a	8.3155	25	1	0
d	8.32585	24	1	1
s	8.32585	25	1	0
d	8.35074	25	0	0
a	8.70614	26	0	0
s	8.70614	26	1	0
a	8.70695	27	1	0
a	8.70704	28	1	1
d	8.72315	26	1	2
s	8.72315	27	1	1
d	8.81669	27	1	1
s	8.81669	28	1	0
a	8.83	29	1	0
d	8.94904	28	1	1
s	8.94904	29	1	0
d	8.96646	29	0	0
a	9.13328	30	0	0
s	9.13328	30	1	0
a	9.37792	31	1	0
d	9.50733	30	1	1
s	9.50733	31	1	0
d	9.54631	31	0	0
a	9.97273	32	0	0
s	9.97273	32	1	0
d	10.2606	32	0	0
a	11.1563	33	0	0
s	11.1563	33	1	0
d	11.1648	33	0	0
a	11.4782	34	0	0
s	11.4782	34	1	0
d	11.6081	34	0	0
a	11.611	35	0	0
s	11.611	35	1	0
d	11.648	35	0	0
a	11.6554	36	0	0
s	11.6554	36	1	0
d	11.6873	36	0	0
a	11.8363	37	0	0
s	11.8363	37	1	0
a	11.9103	38	1	0
d	11.9946	37	1	1
s	11.9946	38	1	0
d	12.0727	38	0	0
a	12.0999	39	0	0
s	12.0999	39	1	0
d	12.1051	39	0	0
a	12.1737	40	0	0
s	12.1737	40	1	0
a	12.3018	41	1	0
d	12.396	40	1	1
s	12.396	41	1	0
d	12.4268	41	0	0
a	12.5403	42	0	0
s	12.5403	42	1	0
d	12.5899	42	0	0
a	12.6798	43	0	0
s	12.6798	43	1	0
d	12.7816	43	0	0
a	13.1515	44	0	0
s	13.1515	44	1	0
d	13.3006	44	0	0
a	13.3653	45	0	0
s	13.3653	45	1	0
d	13.3873	45	0	0
a	13.5302	46	0	0
s	13.5302	46	1	0
d	13.5312	46	0	0
a	13.6016	47	0	0
s	13.6016	47	1	0
d	13.7079	47	0	0
a	14.0461	48	0	0
s	14.0461	48	1	0
d	14.0881	48	0	0
a	14.2235	49	0	0
s	14.2235	49	1	0
a	14.3128	50	1	0
a	14.4837	51	1	1
d	14.4991	49	1	2
s	14.4991	50	1	1
d	14.5043	50	1	1
s	14.5043	51	1	0
d	14.6998	51	0	0
a	14.9621	52	0	0
s	14.9621	52	1	0
d	14.9721	52	0	0
a	15.0539	53	0	0
s	15.0539	53	1	0
d	15.1733	53	0	0
a	15.2669	54	0	0
s	15.2669	54	1	0
a	15.2754	55	1	0
a	15.3706	56	1	1
d	15.5323	54	1	2
s	15.5323	55	1	1
d	15.5454	55	1	1
s	15.5454	56	1	0
d	15.565	56	0	0
a	15.8396	57	0	0
s	15.8396	57	1	0
d	15.8937	57	0	0
a	16.253	58	0	0
s	16.253	58	1	0
a	16.3035	59	1	0
d	16.4257	58	1	1
s	16.4257	59	1	0
a	16.4895	60	1	0
d	16.6118	59	1	1
s	16.6118	60	1	0
d	16.643	60	0	0
a	16.6608	61	0	0
s	16.6608	61	1	0
d	16.7511	61	0	0
a	16.9794	62	0	0
s	16.9794	62	1	0
d	17.0359	62	0	0
a	17.075	63	0	0
s	17.075	63	1	0
d	17.103	63	0	0
a	17.1565	64	0	0
s	17.1565	64	1	0
d	17.2309	64	0	0
a	17.6804	65	0	0
s	17.6804	65	1	0
a	17.7255	66	1	0
d	17.7804	65	1	1
s	17.7804	66	1	0
d	17.8464	66	0	0
a	18.563	67	0	0
s	18.563	67	1	0
d	18.6041	67	0	0
a	18.7762	68	0	0
s	18.7762	68	1	0
a	18.7892	69	1	0
a	18.8097	70	1	1
a	18.9593	71	1	2
d	19.0019	68	1	3
s	19.0019	69	1	2
d	19.077	69	1	2
s	19.077	70	1	1
d	19.1751	70	1	1
s	19.1751	71	1	0
d	19.1917	71	0	0
a	19.2247	72	0	0
s	19.2247	72	1	0
d	19.3396	72	0	0
a	19.4209	73	0	0
s	19.4209	73	1	0
a	19.4252	74	1	0
d	19.5512	73	1	1
s	19.5512	74	1	0
d	19.5814	74	0	0
a	19.7281	75	0	0
s	19.7281	75	1	0
d	19.7848	75	0	0
a	20.1355	76	0	0
s	20.1355	76	1	0
d	20.1628	76	0	0
a	20.1793	77	0	0
s	20.1793	77	1	0
d	20.2715	77	0	0
a	20.3521	78	0	0
s	20.3521	78	1	0
d	20.3638	78	0	0
a	21.2508	79	0	0
s	21.2508	79	1	0
d	21.2514	79	0	0
a	21.3902	80	0	0
s	21.3902	80	1	0
a	21.5483	81	1	0
d	21.6888	80	1	1
s	21.6888	81	1	0
d	21.7059	81	0	0
a	21.9582	82	0	0
s	21.9582	82	1	0
d	22.005	82	0	0
a	22.063	83	0	0
s	22.063	83	1	0
a	22.106	84	1	0
d	22.2251	83	1	1
s	22.2251	84	1	0
d	22.4458	84	0	0
a	22.6292	85	0	0
s	22.6292	85	1	0
d	22.6589	85	0	0
a	22.9188	86	0	0
s	22.9188	86	1	0
d	22.9248	86	0	0
a	23.2316	87	0	0
s	23.2316	87	1	0
d	23.3406	87	0	0
a	23.7227	88	0	0
s	23.7227	88	1	0
d	23.7538	88	0	0
a	23.7679	89	0	0
s	23.7679	89	1	0
d	23.8024	89	0	0
a	23.8955	90	0	0
s	23.8955	90	1	0
d	23.9247	90	0	0
a	24.2394	91	0	0
s	24.2394	91	1	0
d	24.4329	91	0	0
a	25.8461	92	0	0
s	25.8461	92	1	0
a	25.9	93	1	0
a	25.9398	94	1	1
d	26.1258	92	1	2
s	26.1258	93	1	1
a	26.3293	95	1	1
d	26.3416	93	1	2
s	26.3416	94	1	1
a	26.4773	96	1	1
d	26.7667	94	1	2
s	26.7667	95	1	1
d	26.8455	95	1	1
s	26.8455	96	1	0
d	26.874	96	0	0
a	27.0207	97	0	0
s	27.0207	97	1	0
d	27.0584	97	0	0
a	27.1732	98	0	0
s	27.1732	98	1	0
a	27.3803	99	1	0
d	27.4337	98	1	1
s	27.4337	99	1	0
d	27.4699	99	0	0
a	27.7803	100	0	0
s	27.7803	100	1	0
d	27.9039	100	0	0
