trace file for the simulation
format of the file
<event> <time> <item id> <server status> <queue size>

a	0.742626	1	0	0
s	0.742626	1	1	0
d	0.799973	1	0	0
a	0.92524	2	0	0
s	0.92524	2	1	0
d	0.94647	2	0	0
a	0.984813	3	0	0
s	0.984813	3	1	0
d	1.05824	3	0	0
a	1.10137	4	0	0
s	1.10137	4	1	0
d	1.11236	4	0	0
a	1.12304	5	0	0
s	1.12304	5	1	0
d	1.15226	5	0	0
a	1.31727	6	0	0
s	1.31727	6	1	0
d	1.33248	6	0	0
a	1.35525	7	0	0
s	1.35525	7	1	0
d	1.4219	7	0	0
a	1.48756	8	0	0
s	1.48756	8	1	0
a	1.7534	9	1	0
a	1.86555	10	1	1
d	1.90764	8	1	2
s	1.90764	9	1	1
a	2.07835	11	1	1
a	2.07964	12	1	2
d	2.08728	9	1	3
s	2.08728	10	1	2
a	2.16943	13	1	2
d	2.30008	10	1	3
s	2.30008	11	1	2
a	2.76574	14	1	2
d	2.77212	11	1	3
s	2.77212	12	1	2
d	2.8353	12	1	2
s	2.8353	13	1	1
a	2.87388	15	1	1
d	2.89131	13	1	2
s	2.89131	14	1	1
a	2.93031	16	1	1
d	2.9412	14	1	2
s	2.9412	15	1	1
d	2.9823	15	1	1
s	2.9823	16	1	0
d	3.06198	16	0	0
a	3.12969	17	0	0
s	3.12969	17	1	0
d	3.23407	17	0	0
a	3.44792	18	0	0
s	3.44792	18	1	0
a	3.47505	19	1	0
d	3.49773	18	1	1
s	3.49773	19	1	0
a	3.49949	20	1	0
d	3.56315	19	1	1
s	3.56315	20	1	0
d	3.57639	20	0	0
a	3.63255	21	0	0
s	3.63255	21	1	0
a	3.63756	22	1	0
a	3.64614	23	1	1
d	3.66448	21	1	2
s	3.66448	22	1	1
a	3.71474	24	1	1
a	3.80053	25	1	2
d	3.85944	22	1	3
s	3.85944	23	1	2
d	3.87426	23	1	2
s	3.87426	24	1	1
a	3.96128	26	1	1
a	3.98894	27	1	2
a	4.00784	28	1	3
a	4.0082	29	1	4
a	4.00823	30	1	5
d	4.03052	24	1	6
s	4.03052	25	1	5
a	4.06289	31	1	5
d	4.12406	25	1	6
s	4.12406	26	1	5
a	4.20994	32	1	5
a	4.2293	33	1	6
d	4.24537	26	1	7
s	4.24537	27	1	6
d	4.34323	27	1	6
s	4.34323	28	1	5
d	4.58115	28	1	5
s	4.58115	29	1	4
d	4.62013	29	1	4
s	4.62013	30	1	3
a	4.64491	34	1	3
d	4.90799	30	1	4
s	4.90799	31	1	3
d	4.91647	31	1	3
s	4.91647	32	1	2
d	5.04524	32	1	2
s	5.04524	33	1	1
a	5.17093	35	1	1
d	5.17511	33	1	2
s	5.17511	34	1	1
d	5.21205	34	1	1
s	5.21205	35	1	0
d	5.22978	35	0	0
a	5.22996	36	0	0
s	5.22996	36	1	0
d	5.26191	36	0	0
a	5.31038	37	0	0
s	5.31038	37	1	0
a	5.34328	38	1	0
a	5.42754	39	1	1
d	5.46868	37	1	2
s	5.46868	38	1	1
d	5.4739	38	1	1
s	5.4739	39	1	0
d	5.50342	39	0	0
a	5.51431	40	0	0
s	5.51431	40	1	0
a	5.57125	41	1	0
a	5.67724	42	1	1
a	5.71146	43	1	2
d	5.73662	40	1	3
s	5.73662	41	1	2
a	5.76657	44	1	2
d	5.79241	41	1	3
s	5.79241	42	1	2
a	5.87968	45	1	2
d	5.9811	42	1	3
s	5.9811	43	1	2
a	6.04537	46	1	2
d	6.06663	43	1	3
s	6.06663	44	1	2
a	6.06977	47	1	2
a	6.07089	48	1	3
a	6.10263	49	1	4
d	6.13259	44	1	5
s	6.13259	45	1	4
a	6.22069	50	1	4
a	6.26732	51	1	5
d	6.31039	45	1	6
s	6.31039	46	1	5
a	6.34616	52	1	5
a	6.38583	53	1	6
a	6.46178	54	1	7
d	6.586	46	1	8
s	6.586	47	1	7
d	6.59117	47	1	7
s	6.59117	48	1	6
a	6.67445	55	1	6
a	6.68553	56	1	7
a	6.7263	57	1	8
d	6.78667	48	1	9
s	6.78667	49	1	8
a	6.85895	58	1	8
d	6.87187	49	1	9
s	6.87187	50	1	8
d	6.87527	50	1	8
s	6.87527	51	1	7
d	6.91337	51	1	7
s	6.91337	52	1	6
d	7.10096	52	1	6
s	7.10096	53	1	5
d	7.11406	53	1	5
s	7.11406	54	1	4
d	7.1337	54	1	4
s	7.1337	55	1	3
a	7.15383	59	1	3
d	7.18782	55	1	4
s	7.18782	56	1	3
a	7.33758	60	1	3
a	7.36001	61	1	4
d	7.36048	56	1	5
s	7.36048	57	1	4
a	7.44267	62	1	4
a	7.51882	63	1	5
d	7.54656	57	1	6
s	7.54656	58	1	5
a	7.55348	64	1	5
d	7.63681	58	1	6
s	7.63681	59	1	5
d	7.69324	59	1	5
s	7.69324	60	1	4
a	7.69509	65	1	4
a	7.7262	66	1	5
d	7.73148	60	1	6
s	7.73148	61	1	5
a	7.76241	67	1	5
d	7.80587	61	1	6
s	7.80587	62	1	5
d	7.90589	62	1	5
s	7.90589	63	1	4
d	7.92396	63	1	4
s	7.92396	64	1	3
a	7.99523	68	1	3
a	8.06854	69	1	4
a	8.11421	70	1	5
a	8.20897	71	1	6
d	8.25893	64	1	7
s	8.25893	65	1	6
d	8.26413	65	1	6
s	8.26413	66	1	5
d	8.27232	66	1	5
s	8.27232	67	1	4
d	8.33219	67	1	4
s	8.33219	68	1	3
d	8.43833	68	1	3
s	8.43833	69	1	2
a	8.45973	72	1	2
d	8.51347	69	1	3
s	8.51347	70	1	2
d	8.53008	70	1	2
s	8.53008	71	1	1
a	8.56872	73	1	1
d	8.64501	71	1	2
s	8.64501	72	1	1
a	8.65595	74	1	1
a	8.65786	75	1	2
d	8.77525	72	1	3
s	8.77525	73	1	2
a	8.79246	76	1	2
d	8.80547	73	1	3
s	8.80547	74	1	2
a	8.85545	77	1	2
a	8.88576	78	1	3
a	8.90521	79	1	4
d	8.96844	74	1	5
s	8.96844	75	1	4
a	9.00767	80	1	4
a	9.0206	81	1	5
d	9.03758	75	1	6
s	9.03758	76	1	5
d	9.03812	76	1	5
s	9.03812	77	1	4
d	9.09389	77	1	4
s	9.09389	78	1	3
d	9.39245	78	1	3
s	9.39245	79	1	2
a	9.42003	82	1	2
d	9.45569	79	1	3
s	9.45569	80	1	2
d	9.47277	80	1	2
s	9.47277	81	1	1
d	9.51949	81	1	1
s	9.51949	82	1	0
d	9.56141	82	0	0
a	9.6022	83	0	0
s	9.6022	83	1	0
a	9.62129	84	1	0
d	9.76423	83	1	1
s	9.76423	84	1	0
a	9.85385	85	1	0
a	9.88684	86	1	1
d	9.98503	84	1	2
s	9.98503	85	1	1
d	9.9911	85	1	1
s	9.9911	86	1	0
a	10.0155	87	1	0
d	10.1163	86	1	1
s	10.1163	87	1	0
a	10.1366	88	1	0
a	10.1711	89	1	1
a	10.1912	90	1	2
a	10.2296	91	1	3
a	10.2863	92	1	4
d	10.3127	87	1	5
s	10.3127	88	1	4
a	10.3187	93	1	4
d	10.4502	88	1	5
s	10.4502	89	1	4
a	10.5336	94	1	4
a	10.8444	95	1	5
a	10.8683	96	1	6
a	10.886	97	1	7
a	11.0591	98	1	8
d	11.0929	89	1	9
s	11.0929	90	1	8
d	11.1521	90	1	8
s	11.1521	91	1	7
a	11.2989	99	1	7
a	11.5404	100	1	8
d	11.5772	91	1	9
s	11.5772	92	1	8
d	11.6057	92	1	8
s	11.6057	93	1	7
a	11.628	101	1	7
d	11.6434	93	1	8
s	11.6434	94	1	7
a	11.6958	102	1	7
a	11.7878	103	1	8
d	11.9039	94	1	9
s	11.9039	95	1	8
d	11.9401	95	1	8
s	11.9401	96	1	7
a	11.9656	104	1	7
a	12.0576	105	1	8
d	12.0638	96	1	9
s	12.0638	97	1	8
d	12.1186	97	1	8
s	12.1186	98	1	7
d	12.1816	98	1	7
s	12.1816	99	1	6
a	12.2198	106	1	6
d	12.228	99	1	7
s	12.228	100	1	6
d	12.2965	100	1	6
s	12.2965	101	1	5
d	12.3003	101	1	5
s	12.3003	102	1	4
d	12.3366	102	1	4
s	12.3366	103	1	3
d	12.3444	103	1	3
s	12.3444	104	1	2
a	12.4233	107	1	2
d	12.5105	104	1	3
s	12.5105	105	1	2
a	12.5445	108	1	2
a	12.545	109	1	3
a	12.6319	110	1	4
a	12.6321	111	1	5
d	12.6829	105	1	6
s	12.6829	106	1	5
d	12.7299	106	1	5
s	12.7299	107	1	4
a	12.8908	112	1	4
d	12.9659	107	1	5
s	12.9659	108	1	4
d	12.973	108	1	4
s	12.973	109	1	3
a	12.9826	113	1	3
a	12.995	114	1	4
a	13.1325	115	1	5
d	13.2758	109	1	6
s	13.2758	110	1	5
a	13.2971	116	1	5
d	13.302	110	1	6
s	13.302	111	1	5
a	13.396	117	1	5
a	13.4477	118	1	6
d	13.462	111	1	7
s	13.462	112	1	6
a	13.5037	119	1	6
d	13.5415	112	1	7
s	13.5415	113	1	6
a	13.5884	120	1	6
d	13.5929	113	1	7
s	13.5929	114	1	6
d	13.6086	114	1	6
s	13.6086	115	1	5
d	13.6274	115	1	5
s	13.6274	116	1	4
a	13.6389	121	1	4
d	13.6745	116	1	5
s	13.6745	117	1	4
a	13.6753	122	1	4
d	13.7314	117	1	5
s	13.7314	118	1	4
a	13.7843	123	1	4
a	13.818	124	1	5
a	13.8834	125	1	6
a	13.8945	126	1	7
d	13.9006	118	1	8
s	13.9006	119	1	7
a	14.0518	127	1	7
d	14.0672	119	1	8
s	14.0672	120	1	7
d	14.1031	120	1	7
s	14.1031	121	1	6
a	14.1076	128	1	6
d	14.1568	121	1	7
s	14.1568	122	1	6
a	14.2239	129	1	6
d	14.2272	122	1	7
s	14.2272	123	1	6
d	14.2572	123	1	6
s	14.2572	124	1	5
d	14.3063	124	1	5
s	14.3063	125	1	4
d	14.354	125	1	4
s	14.354	126	1	3
d	14.391	126	1	3
s	14.391	127	1	2
d	14.4127	127	1	2
s	14.4127	128	1	1
a	14.504	130	1	1
a	14.5653	131	1	2
a	14.5811	132	1	3
a	14.5913	133	1	4
d	14.6031	128	1	5
s	14.6031	129	1	4
d	14.6348	129	1	4
s	14.6348	130	1	3
a	14.6454	134	1	3
a	14.6903	135	1	4
a	14.6929	136	1	5
a	14.8213	137	1	6
a	14.8839	138	1	7
d	14.949	130	1	8
s	14.949	131	1	7
a	15.0155	139	1	7
d	15.1239	131	1	8
s	15.1239	132	1	7
d	15.138	132	1	7
s	15.138	133	1	6
d	15.1541	133	1	6
s	15.1541	134	1	5
d	15.1836	134	1	5
s	15.1836	135	1	4
a	15.2623	140	1	4
d	15.3701	135	1	5
s	15.3701	136	1	4
a	15.3865	141	1	4
d	15.6235	136	1	5
s	15.6235	137	1	4
d	15.668	137	1	4
s	15.668	138	1	3
a	15.672	142	1	3
d	15.6878	138	1	4
s	15.6878	139	1	3
a	15.7394	143	1	3
d	15.7681	139	1	4
s	15.7681	140	1	3
a	15.8387	144	1	3
d	15.8889	140	1	4
s	15.8889	141	1	3
a	15.9237	145	1	3
d	15.958	141	1	4
s	15.958	142	1	3
d	16.071	142	1	3
s	16.071	143	1	2
d	16.1014	143	1	2
s	16.1014	144	1	1
a	16.1325	146	1	1
a	16.1537	147	1	2
a	16.1583	148	1	3
a	16.1734	149	1	4
a	16.2091	150	1	5
d	16.2172	144	1	6
s	16.2172	145	1	5
d	16.223	145	1	5
s	16.223	146	1	4
a	16.3429	151	1	4
d	16.4292	146	1	5
s	16.4292	147	1	4
d	16.4534	147	1	4
s	16.4534	148	1	3
d	16.5179	148	1	3
s	16.5179	149	1	2
d	16.5674	149	1	2
s	16.5674	150	1	1
d	16.5719	150	1	1
s	16.5719	151	1	0
a	16.6453	152	1	0
a	16.6601	153	1	1
a	16.7073	154	1	2
a	16.8332	155	1	3
d	16.8346	151	1	4
s	16.8346	152	1	3
d	16.903	152	1	3
s	16.903	153	1	2
d	17.0512	153	1	2
s	17.0512	154	1	1
a	17.0838	156	1	1
a	17.0931	157	1	2
a	17.1593	158	1	3
d	17.1749	154	1	4
s	17.1749	155	1	3
a	17.205	159	1	3
a	17.2837	160	1	4
a	17.3914	161	1	5
d	17.3916	155	1	6
s	17.3916	156	1	5
d	17.4147	156	1	5
s	17.4147	157	1	4
a	17.4692	162	1	4
d	17.4822	157	1	5
s	17.4822	158	1	4
d	17.5196	158	1	4
s	17.5196	159	1	3
a	17.576	163	1	3
d	17.5827	159	1	4
s	17.5827	160	1	3
a	17.6316	164	1	3
d	17.6755	160	1	4
s	17.6755	161	1	3
d	17.7101	161	1	3
s	17.7101	162	1	2
d	17.9397	162	1	2
s	17.9397	163	1	1
d	17.987	163	1	1
s	17.987	164	1	0
d	18.0017	164	0	0
a	18.2021	165	0	0
s	18.2021	165	1	0
a	18.2344	166	1	0
d	18.2731	165	1	1
s	18.2731	166	1	0
a	18.3122	167	1	0
a	18.339	168	1	1
d	18.3698	166	1	2
s	18.3698	167	1	1
a	18.4049	169	1	1
a	18.4099	170	1	2
a	18.4611	171	1	3
d	18.4728	167	1	4
s	18.4728	168	1	3
d	18.5711	168	1	3
s	18.5711	169	1	2
a	18.6538	172	1	2
a	18.6867	173	1	3
a	18.6922	174	1	4
a	18.7468	175	1	5
d	18.7739	169	1	6
s	18.7739	170	1	5
d	18.8848	170	1	5
s	18.8848	171	1	4
a	19.1448	176	1	4
d	19.1732	171	1	5
s	19.1732	172	1	4
a	19.1945	177	1	4
a	19.2129	178	1	5
a	19.2291	179	1	6
a	19.2865	180	1	7
a	19.3227	181	1	8
a	19.3403	182	1	9
d	19.376	172	1	10
s	19.376	173	1	9
d	19.5828	173	1	9
s	19.5828	174	1	8
d	19.6173	174	1	8
s	19.6173	175	1	7
d	19.6656	175	1	7
s	19.6656	176	1	6
a	19.8093	183	1	6
d	19.8181	176	1	7
s	19.8181	177	1	6
d	19.996	177	1	6
s	19.996	178	1	5
d	20.0431	178	1	5
s	20.0431	179	1	4
a	20.1114	184	1	4
d	20.1507	179	1	5
s	20.1507	180	1	4
a	20.2382	185	1	4
d	20.2508	180	1	5
s	20.2508	181	1	4
d	20.2728	181	1	4
s	20.2728	182	1	3
a	20.2842	186	1	3
d	20.2943	182	1	4
s	20.2943	183	1	3
d	20.3435	183	1	3
s	20.3435	184	1	2
a	20.3555	187	1	2
d	20.3661	184	1	3
s	20.3661	185	1	2
a	20.3671	188	1	2
a	20.4184	189	1	3
a	20.5196	190	1	4
d	20.5593	185	1	5
s	20.5593	186	1	4
a	20.672	191	1	4
a	20.6894	192	1	5
d	20.7584	186	1	6
s	20.7584	187	1	5
d	20.8433	187	1	5
s	20.8433	188	1	4
d	20.899	188	1	4
s	20.899	189	1	3
a	20.9911	193	1	3
d	21.0186	189	1	4
s	21.0186	190	1	3
a	21.0579	194	1	3
d	21.1675	190	1	4
s	21.1675	191	1	3
a	21.1876	195	1	3
a	21.2113	196	1	4
d	21.3877	191	1	5
s	21.3877	192	1	4
a	21.434	197	1	4
a	21.4605	198	1	5
a	21.4728	199	1	6
a	21.499	200	1	7
d	21.5135	192	1	8
s	21.5135	193	1	7
a	21.5319	201	1	7
d	21.5621	193	1	8
s	21.5621	194	1	7
d	21.5775	194	1	7
s	21.5775	195	1	6
a	21.6451	202	1	6
a	21.6614	203	1	7
d	21.7252	195	1	8
s	21.7252	196	1	7
a	21.825	204	1	7
d	21.864	196	1	8
s	21.864	197	1	7
d	21.8655	197	1	7
s	21.8655	198	1	6
a	21.8929	205	1	6
d	22.1577	198	1	7
s	22.1577	199	1	6
a	22.1716	206	1	6
d	22.2222	199	1	7
s	22.2222	200	1	6
a	22.2662	207	1	6
a	22.4164	208	1	7
a	22.4292	209	1	8
d	22.458	200	1	9
s	22.458	201	1	8
a	22.5911	210	1	8
d	22.65	201	1	9
s	22.65	202	1	8
d	22.6571	202	1	8
s	22.6571	203	1	7
a	22.8221	211	1	7
d	22.9095	203	1	8
s	22.9095	204	1	7
a	23.1616	212	1	7
d	23.1931	204	1	8
s	23.1931	205	1	7
d	23.202	205	1	7
s	23.202	206	1	6
a	23.2827	213	1	6
d	23.294	206	1	7
s	23.294	207	1	6
d	23.2995	207	1	6
s	23.2995	208	1	5
d	23.3173	208	1	5
s	23.3173	209	1	4
a	23.3757	214	1	4
d	23.38	209	1	5
s	23.38	210	1	4
a	23.3948	215	1	4
d	23.4166	210	1	5
s	23.4166	211	1	4
a	23.4973	216	1	4
d	23.5516	211	1	5
s	23.5516	212	1	4
d	23.6159	212	1	4
s	23.6159	213	1	3
d	23.6205	213	1	3
s	23.6205	214	1	2
d	23.7125	214	1	2
s	23.7125	215	1	1
d	23.8548	215	1	1
s	23.8548	216	1	0
d	23.9083	216	0	0
a	24.1019	217	0	0
s	24.1019	217	1	0
a	24.1441	218	1	0
a	24.1504	219	1	1
d	24.2385	217	1	2
s	24.2385	218	1	1
a	24.2427	220	1	1
d	24.2501	218	1	2
s	24.2501	219	1	1
d	24.2562	219	1	1
s	24.2562	220	1	0
d	24.307	220	0	0
a	24.7914	221	0	0
s	24.7914	221	1	0
d	24.8154	221	0	0
a	24.8525	222	0	0
s	24.8525	222	1	0
a	25.0196	223	1	0
d	25.0474	222	1	1
s	25.0474	223	1	0
a	25.1262	224	1	0
a	25.2232	225	1	1
a	25.5007	226	1	2
a	25.5469	227	1	3
a	25.5643	228	1	4
d	25.593	223	1	5
s	25.593	224	1	4
d	25.6139	224	1	4
s	25.6139	225	1	3
d	25.6552	225	1	3
s	25.6552	226	1	2
d	25.692	226	1	2
s	25.692	227	1	1
d	25.714	227	1	1
s	25.714	228	1	0
d	25.7775	228	0	0
a	25.8683	229	0	0
s	25.8683	229	1	0
d	25.906	229	0	0
a	26.0846	230	0	0
s	26.0846	230	1	0
a	26.1199	231	1	0
d	26.1217	230	1	1
s	26.1217	231	1	0
a	26.1478	232	1	0
a	26.1634	233	1	1
a	26.2122	234	1	2
a	26.2508	235	1	3
d	26.4689	231	1	4
s	26.4689	232	1	3
a	26.5242	236	1	3
d	26.5283	232	1	4
s	26.5283	233	1	3
a	26.5301	237	1	3
a	26.6736	238	1	4
d	26.8117	233	1	5
s	26.8117	234	1	4
d	26.8136	234	1	4
s	26.8136	235	1	3
d	26.8614	235	1	3
s	26.8614	236	1	2
a	26.888	239	1	2
a	26.897	240	1	3
d	26.9844	236	1	4
s	26.9844	237	1	3
a	27.0082	241	1	3
d	27.0209	237	1	4
s	27.0209	238	1	3
a	27.1771	242	1	3
d	27.2067	238	1	4
s	27.2067	239	1	3
d	27.2718	239	1	3
s	27.2718	240	1	2
d	27.2821	240	1	2
s	27.2821	241	1	1
a	27.3354	243	1	1
a	27.3468	244	1	2
a	27.4376	245	1	3
d	27.5061	241	1	4
s	27.5061	242	1	3
d	27.5307	242	1	3
s	27.5307	243	1	2
d	27.7069	243	1	2
s	27.7069	244	1	1
d	27.7095	244	1	1
s	27.7095	245	1	0
a	27.7181	246	1	0
a	27.7335	247	1	1
d	27.7349	245	1	2
s	27.7349	246	1	1
d	27.8132	246	1	1
s	27.8132	247	1	0
a	27.9066	248	1	0
a	27.9385	249	1	1
a	28.1797	250	1	2
a	28.2802	251	1	3
d	28.3718	247	1	4
s	28.3718	248	1	3
d	28.3725	248	1	3
s	28.3725	249	1	2
a	28.4099	252	1	2
a	28.5631	253	1	3
d	28.698	249	1	4
s	28.698	250	1	3
a	28.748	254	1	3
d	28.8376	250	1	4
s	28.8376	251	1	3
d	28.8853	251	1	3
s	28.8853	252	1	2
d	28.8975	252	1	2
s	28.8975	253	1	1
d	28.9038	253	1	1
s	28.9038	254	1	0
a	28.9562	255	1	0
a	28.9839	256	1	1
a	29.0325	257	1	2
d	29.0669	254	1	3
s	29.0669	255	1	2
d	29.0765	255	1	2
s	29.0765	256	1	1
a	29.0792	258	1	1
a	29.0884	259	1	2
a	29.1338	260	1	3
d	29.1551	256	1	4
s	29.1551	257	1	3
d	29.2003	257	1	3
s	29.2003	258	1	2
d	29.2566	258	1	2
s	29.2566	259	1	1
d	29.3429	259	1	1
s	29.3429	260	1	0
a	29.3441	261	1	0
d	29.3488	260	1	1
s	29.3488	261	1	0
d	29.4035	261	0	0
a	29.4124	262	0	0
s	29.4124	262	1	0
d	29.4747	262	0	0
a	29.5641	263	0	0
s	29.5641	263	1	0
d	29.6565	263	0	0
a	29.6807	264	0	0
s	29.6807	264	1	0
a	29.7061	265	1	0
a	29.8869	266	1	1
d	30.0114	264	1	2
s	30.0114	265	1	1
d	30.1057	265	1	1
s	30.1057	266	1	0
d	30.1583	266	0	0
a	30.182	267	0	0
s	30.182	267	1	0
a	30.3621	268	1	0
d	30.4466	267	1	1
s	30.4466	268	1	0
d	30.4905	268	0	0
a	30.5686	269	0	0
s	30.5686	269	1	0
a	30.6246	270	1	0
d	30.6475	269	1	1
s	30.6475	270	1	0
a	30.6646	271	1	0
a	30.7068	272	1	1
d	30.7293	270	1	2
s	30.7293	271	1	1
d	30.7473	271	1	1
s	30.7473	272	1	0
d	30.7996	272	0	0
a	30.8095	273	0	0
s	30.8095	273	1	0
a	30.8153	274	1	0
a	30.83	275	1	1
a	30.9342	276	1	2
a	30.9356	277	1	3
d	30.9707	273	1	4
s	30.9707	274	1	3
d	30.9817	274	1	3
s	30.9817	275	1	2
d	31.0371	275	1	2
s	31.0371	276	1	1
d	31.1188	276	1	1
s	31.1188	277	1	0
a	31.1229	278	1	0
a	31.1612	279	1	1
d	31.1654	277	1	2
s	31.1654	278	1	1
d	31.2907	278	1	1
s	31.2907	279	1	0
d	31.4254	279	0	0
a	31.4949	280	0	0
s	31.4949	280	1	0
a	31.5072	281	1	0
a	31.5452	282	1	1
a	31.5804	283	1	2
d	31.5846	280	1	3
s	31.5846	281	1	2
a	31.5926	284	1	2
d	31.6779	281	1	3
s	31.6779	282	1	2
d	31.688	282	1	2
s	31.688	283	1	1
a	31.6951	285	1	1
a	31.8003	286	1	2
d	31.8055	283	1	3
s	31.8055	284	1	2
a	31.8626	287	1	2
a	31.897	288	1	3
d	31.9095	284	1	4
s	31.9095	285	1	3
a	31.9297	289	1	3
d	31.9401	285	1	4
s	31.9401	286	1	3
a	31.9633	290	1	3
d	32.1372	286	1	4
s	32.1372	287	1	3
a	32.142	291	1	3
a	32.1848	292	1	4
a	32.1951	293	1	5
d	32.2672	287	1	6
s	32.2672	288	1	5
a	32.3062	294	1	5
d	32.3331	288	1	6
s	32.3331	289	1	5
d	32.3428	289	1	5
s	32.3428	290	1	4
d	32.5022	290	1	4
s	32.5022	291	1	3
a	32.5521	295	1	3
d	32.568	291	1	4
s	32.568	292	1	3
a	32.5992	296	1	3
a	32.6408	297	1	4
d	32.6504	292	1	5
s	32.6504	293	1	4
d	32.9035	293	1	4
s	32.9035	294	1	3
a	32.9078	298	1	3
d	33.1615	294	1	4
s	33.1615	295	1	3
d	33.2651	295	1	3
s	33.2651	296	1	2
a	33.3059	299	1	2
a	33.346	300	1	3
d	33.3831	296	1	4
s	33.3831	297	1	3
d	33.476	297	1	3
s	33.476	298	1	2
a	33.5623	301	1	2
a	33.6059	302	1	3
a	33.6416	303	1	4
d	33.7451	298	1	5
s	33.7451	299	1	4
d	33.7816	299	1	4
s	33.7816	300	1	3
a	33.8212	304	1	3
d	33.8301	300	1	4
s	33.8301	301	1	3
a	33.8682	305	1	3
d	33.891	301	1	4
s	33.891	302	1	3
d	33.9516	302	1	3
s	33.9516	303	1	2
a	34.1259	306	1	2
a	34.1288	307	1	3
a	34.2141	308	1	4
a	34.2175	309	1	5
d	34.252	303	1	6
s	34.252	304	1	5
a	34.2528	310	1	5
a	34.2957	311	1	6
d	34.3153	304	1	7
s	34.3153	305	1	6
a	34.3365	312	1	6
d	34.4141	305	1	7
s	34.4141	306	1	6
a	34.4415	313	1	6
a	34.4649	314	1	7
a	34.6621	315	1	8
d	34.7138	306	1	9
s	34.7138	307	1	8
d	34.8307	307	1	8
s	34.8307	308	1	7
d	34.855	308	1	7
s	34.855	309	1	6
a	34.9732	316	1	6
d	35.0099	309	1	7
s	35.0099	310	1	6
d	35.0824	310	1	6
s	35.0824	311	1	5
a	35.0991	317	1	5
a	35.1904	318	1	6
a	35.2657	319	1	7
a	35.3213	320	1	8
a	35.3521	321	1	9
a	35.4536	322	1	10
d	35.5517	311	1	11
s	35.5517	312	1	10
d	35.5688	312	1	10
s	35.5688	313	1	9
a	35.5703	323	1	9
d	35.5748	313	1	10
s	35.5748	314	1	9
d	35.575	314	1	9
s	35.575	315	1	8
a	35.6228	324	1	8
a	35.6867	325	1	9
a	35.703	326	1	10
a	35.8085	327	1	11
d	35.8679	315	1	12
s	35.8679	316	1	11
a	35.94	328	1	11
d	35.9937	316	1	12
s	35.9937	317	1	11
d	36.0427	317	1	11
s	36.0427	318	1	10
d	36.1366	318	1	10
s	36.1366	319	1	9
a	36.3425	329	1	9
d	36.535	319	1	10
s	36.535	320	1	9
d	36.6136	320	1	9
s	36.6136	321	1	8
d	36.6289	321	1	8
s	36.6289	322	1	7
d	36.6354	322	1	7
s	36.6354	323	1	6
d	36.7266	323	1	6
s	36.7266	324	1	5
a	36.7284	330	1	5
d	36.7584	324	1	6
s	36.7584	325	1	5
d	36.7797	325	1	5
s	36.7797	326	1	4
a	36.783	331	1	4
d	36.793	326	1	5
s	36.793	327	1	4
a	36.843	332	1	4
d	36.8449	327	1	5
s	36.8449	328	1	4
d	36.8681	328	1	4
s	36.8681	329	1	3
d	36.9453	329	1	3
s	36.9453	330	1	2
d	36.9979	330	1	2
s	36.9979	331	1	1
d	37.0508	331	1	1
s	37.0508	332	1	0
d	37.1072	332	0	0
a	37.1251	333	0	0
s	37.1251	333	1	0
d	37.1454	333	0	0
a	37.1691	334	0	0
s	37.1691	334	1	0
d	37.2759	334	0	0
a	37.6783	335	0	0
s	37.6783	335	1	0
a	37.7977	336	1	0
d	37.8103	335	1	1
s	37.8103	336	1	0
d	37.8363	336	0	0
a	37.96	337	0	0
s	37.96	337	1	0
a	37.9755	338	1	0
d	38.0589	337	1	1
s	38.0589	338	1	0
d	38.091	338	0	0
a	38.214	339	0	0
s	38.214	339	1	0
a	38.2265	340	1	0
d	38.2604	339	1	1
s	38.2604	340	1	0
d	38.3228	340	0	0
a	38.4152	341	0	0
s	38.4152	341	1	0
d	38.4255	341	0	0
a	38.4428	342	0	0
s	38.4428	342	1	0
d	38.4463	342	0	0
a	38.6231	343	0	0
s	38.6231	343	1	0
d	38.6334	343	0	0
a	38.6482	344	0	0
s	38.6482	344	1	0
d	38.653	344	0	0
a	38.6664	345	0	0
s	38.6664	345	1	0
d	38.6781	345	0	0
a	38.718	346	0	0
s	38.718	346	1	0
a	38.7717	347	1	0
d	38.8865	346	1	1
s	38.8865	347	1	0
a	38.9192	348	1	0
a	38.9539	349	1	1
a	38.9803	350	1	2
d	39.0249	347	1	3
s	39.0249	348	1	2
d	39.0586	348	1	2
s	39.0586	349	1	1
d	39.1318	349	1	1
s	39.1318	350	1	0
a	39.1766	351	1	0
a	39.2005	352	1	1
a	39.2179	353	1	2
d	39.3825	350	1	3
s	39.3825	351	1	2
a	39.4493	354	1	2
d	39.5005	351	1	3
s	39.5005	352	1	2
a	39.5111	355	1	2
a	39.5413	356	1	3
d	39.5753	352	1	4
s	39.5753	353	1	3
d	39.6071	353	1	3
s	39.6071	354	1	2
d	39.6076	354	1	2
s	39.6076	355	1	1
a	39.7247	357	1	1
a	39.773	358	1	2
a	39.8139	359	1	3
a	40.0082	360	1	4
d	40.0253	355	1	5
s	40.0253	356	1	4
d	40.1544	356	1	4
s	40.1544	357	1	3
d	40.1935	357	1	3
s	40.1935	358	1	2
d	40.211	358	1	2
s	40.211	359	1	1
d	40.2696	359	1	1
s	40.2696	360	1	0
a	40.3003	361	1	0
a	40.328	362	1	1
d	40.3687	360	1	2
s	40.3687	361	1	1
d	40.4136	361	1	1
s	40.4136	362	1	0
a	40.4901	363	1	0
d	40.5599	362	1	1
s	40.5599	363	1	0
d	40.5628	363	0	0
a	40.6664	364	0	0
s	40.6664	364	1	0
d	40.7931	364	0	0
a	41.0861	365	0	0
s	41.0861	365	1	0
d	41.1123	365	0	0
a	41.2955	366	0	0
s	41.2955	366	1	0
d	41.6014	366	0	0
a	41.8159	367	0	0
s	41.8159	367	1	0
a	41.8648	368	1	0
d	41.9213	367	1	1
s	41.9213	368	1	0
a	41.9837	369	1	0
d	42.0094	368	1	1
s	42.0094	369	1	0
a	42.081	370	1	0
a	42.1484	371	1	1
a	42.1881	372	1	2
d	42.2494	369	1	3
s	42.2494	370	1	2
d	42.2914	370	1	2
s	42.2914	371	1	1
d	42.3046	371	1	1
s	42.3046	372	1	0
a	42.3087	373	1	0
d	42.367	372	1	1
s	42.367	373	1	0
a	42.3711	374	1	0
a	42.456	375	1	1
a	42.6057	376	1	2
d	42.6589	373	1	3
s	42.6589	374	1	2
d	42.6736	374	1	2
s	42.6736	375	1	1
a	42.7003	377	1	1
d	42.7457	375	1	2
s	42.7457	376	1	1
d	42.8026	376	1	1
s	42.8026	377	1	0
d	42.837	377	0	0
a	42.9711	378	0	0
s	42.9711	378	1	0
a	42.9873	379	1	0
d	42.9961	378	1	1
s	42.9961	379	1	0
a	43.0053	380	1	0
a	43.0215	381	1	1
a	43.0702	382	1	2
a	43.1027	383	1	3
d	43.1189	379	1	4
s	43.1189	380	1	3
a	43.1235	384	1	3
a	43.1388	385	1	4
d	43.1456	380	1	5
s	43.1456	381	1	4
a	43.1495	386	1	4
d	43.1547	381	1	5
s	43.1547	382	1	4
a	43.2217	387	1	4
d	43.2368	382	1	5
s	43.2368	383	1	4
d	43.3407	383	1	4
s	43.3407	384	1	3
d	43.3601	384	1	3
s	43.3601	385	1	2
d	43.4451	385	1	2
s	43.4451	386	1	1
a	43.4694	388	1	1
d	43.6224	386	1	2
s	43.6224	387	1	1
d	43.6643	387	1	1
s	43.6643	388	1	0
d	43.69	388	0	0
a	44.2544	389	0	0
s	44.2544	389	1	0
a	44.5222	390	1	0
d	44.5297	389	1	1
s	44.5297	390	1	0
d	44.5677	390	0	0
a	44.628	391	0	0
s	44.628	391	1	0
d	44.6494	391	0	0
a	44.8358	392	0	0
s	44.8358	392	1	0
d	45.0304	392	0	0
a	45.1722	393	0	0
s	45.1722	393	1	0
d	45.2783	393	0	0
a	45.6152	394	0	0
s	45.6152	394	1	0
d	45.6173	394	0	0
a	45.6634	395	0	0
s	45.6634	395	1	0
a	45.6734	396	1	0
a	45.7234	397	1	1
a	45.8168	398	1	2
d	45.956	395	1	3
s	45.956	396	1	2
d	46.0976	396	1	2
s	46.0976	397	1	1
d	46.1913	397	1	1
s	46.1913	398	1	0
d	46.2337	398	0	0
a	46.2457	399	0	0
s	46.2457	399	1	0
d	46.2703	399	0	0
a	46.6657	400	0	0
s	46.6657	400	1	0
d	46.6848	400	0	0
a	46.8854	401	0	0
s	46.8854	401	1	0
d	46.9309	401	0	0
a	46.9518	402	0	0
s	46.9518	402	1	0
d	46.9534	402	0	0
a	47.0372	403	0	0
s	47.0372	403	1	0
a	47.1707	404	1	0
d	47.191	403	1	1
s	47.191	404	1	0
a	47.198	405	1	0
a	47.2795	406	1	1
d	47.2982	404	1	2
s	47.2982	405	1	1
a	47.3348	407	1	1
a	47.3365	408	1	2
a	47.3676	409	1	3
d	47.526	405	1	4
s	47.526	406	1	3
a	47.5777	410	1	3
d	47.6044	406	1	4
s	47.6044	407	1	3
d	47.6045	407	1	3
s	47.6045	408	1	2
a	47.6156	411	1	2
d	47.63	408	1	3
s	47.63	409	1	2
a	47.6649	412	1	2
a	47.671	413	1	3
d	47.6776	409	1	4
s	47.6776	410	1	3
a	47.7125	414	1	3
a	47.7756	415	1	4
d	47.8014	410	1	5
s	47.8014	411	1	4
d	47.8615	411	1	4
s	47.8615	412	1	3
d	47.8955	412	1	3
s	47.8955	413	1	2
a	47.913	416	1	2
a	47.9801	417	1	3
d	48.0355	413	1	4
s	48.0355	414	1	3
d	48.0404	414	1	3
s	48.0404	415	1	2
a	48.0587	418	1	2
d	48.0805	415	1	3
s	48.0805	416	1	2
a	48.0885	419	1	2
d	48.1278	416	1	3
s	48.1278	417	1	2
d	48.1503	417	1	2
s	48.1503	418	1	1
a	48.1783	420	1	1
a	48.1795	421	1	2
d	48.1796	418	1	3
s	48.1796	419	1	2
d	48.2259	419	1	2
s	48.2259	420	1	1
d	48.2354	420	1	1
s	48.2354	421	1	0
d	48.2879	421	0	0
a	48.3558	422	0	0
s	48.3558	422	1	0
d	48.3643	422	0	0
a	48.4316	423	0	0
s	48.4316	423	1	0
d	48.503	423	0	0
a	48.5204	424	0	0
s	48.5204	424	1	0
a	48.5272	425	1	0
d	48.5321	424	1	1
s	48.5321	425	1	0
d	48.67	425	0	0
a	48.716	426	0	0
s	48.716	426	1	0
a	48.7508	427	1	0
a	48.7576	428	1	1
a	48.8098	429	1	2
d	48.8754	426	1	3
s	48.8754	427	1	2
d	48.9198	427	1	2
s	48.9198	428	1	1
a	49.1638	430	1	1
a	49.2289	431	1	2
d	49.2565	428	1	3
s	49.2565	429	1	2
a	49.2965	432	1	2
d	49.3371	429	1	3
s	49.3371	430	1	2
d	49.3375	430	1	2
s	49.3375	431	1	1
d	49.5433	431	1	1
s	49.5433	432	1	0
d	49.5942	432	0	0
a	49.6066	433	0	0
s	49.6066	433	1	0
a	49.8016	434	1	0
a	49.8478	435	1	1
d	49.9054	433	1	2
s	49.9054	434	1	1
a	49.9701	436	1	1
a	50.0174	437	1	2
d	50.0206	434	1	3
s	50.0206	435	1	2
d	50.1056	435	1	2
s	50.1056	436	1	1
a	50.1163	438	1	1
a	50.1594	439	1	2
d	50.2563	436	1	3
s	50.2563	437	1	2
d	50.3261	437	1	2
s	50.3261	438	1	1
a	50.3587	440	1	1
a	50.3831	441	1	2
d	50.3939	438	1	3
s	50.3939	439	1	2
a	50.4755	442	1	2
a	50.5956	443	1	3
a	50.7043	444	1	4
a	50.9322	445	1	5
d	50.9339	439	1	6
s	50.9339	440	1	5
a	50.9533	446	1	5
d	50.9649	440	1	6
s	50.9649	441	1	5
a	50.9661	447	1	5
d	51.0091	441	1	6
s	51.0091	442	1	5
a	51.0139	448	1	5
a	51.0482	449	1	6
d	51.0755	442	1	7
s	51.0755	443	1	6
d	51.0799	443	1	6
s	51.0799	444	1	5
a	51.0821	450	1	5
d	51.1563	444	1	6
s	51.1563	445	1	5
a	51.1946	451	1	5
a	51.2058	452	1	6
a	51.2277	453	1	7
a	51.3152	454	1	8
d	51.3751	445	1	9
s	51.3751	446	1	8
d	51.3891	446	1	8
s	51.3891	447	1	7
d	51.4163	447	1	7
s	51.4163	448	1	6
a	51.5618	455	1	6
a	51.6591	456	1	7
a	51.6664	457	1	8
d	51.7404	448	1	9
s	51.7404	449	1	8
d	51.9207	449	1	8
s	51.9207	450	1	7
a	51.9655	458	1	7
d	52.0762	450	1	8
s	52.0762	451	1	7
d	52.1287	451	1	7
s	52.1287	452	1	6
a	52.204	459	1	6
a	52.2574	460	1	7
a	52.318	461	1	8
d	52.3421	452	1	9
s	52.3421	453	1	8
a	52.3591	462	1	8
a	52.3689	463	1	9
d	52.3734	453	1	10
s	52.3734	454	1	9
a	52.4135	464	1	9
a	52.437	465	1	10
d	52.4943	454	1	11
s	52.4943	455	1	10
d	52.4946	455	1	10
s	52.4946	456	1	9
d	52.5204	456	1	9
s	52.5204	457	1	8
a	52.5451	466	1	8
d	52.6791	457	1	9
s	52.6791	458	1	8
a	52.7416	467	1	8
d	52.7738	458	1	9
s	52.7738	459	1	8
d	52.8281	459	1	8
s	52.8281	460	1	7
a	52.9314	468	1	7
a	52.9359	469	1	8
d	52.9912	460	1	9
s	52.9912	461	1	8
d	53.0875	461	1	8
s	53.0875	462	1	7
a	53.1203	470	1	7
d	53.2066	462	1	8
s	53.2066	463	1	7
a	53.3551	471	1	7
d	53.3685	463	1	8
s	53.3685	464	1	7
d	53.3945	464	1	7
s	53.3945	465	1	6
d	53.4218	465	1	6
s	53.4218	466	1	5
d	53.4344	466	1	5
s	53.4344	467	1	4
a	53.6967	472	1	4
a	53.7858	473	1	5
a	53.8805	474	1	6
a	53.9051	475	1	7
a	53.991	476	1	8
d	54.0681	467	1	9
s	54.0681	468	1	8
a	54.0692	477	1	8
d	54.097	468	1	9
s	54.097	469	1	8
d	54.1551	469	1	8
s	54.1551	470	1	7
a	54.2285	478	1	7
a	54.2375	479	1	8
a	54.25	480	1	9
a	54.2671	481	1	10
d	54.3929	470	1	11
s	54.3929	471	1	10
d	54.464	471	1	10
s	54.464	472	1	9
d	54.5099	472	1	9
s	54.5099	473	1	8
d	54.539	473	1	8
s	54.539	474	1	7
d	54.567	474	1	7
s	54.567	475	1	6
a	54.5804	482	1	6
a	54.5909	483	1	7
a	54.6168	484	1	8
d	54.7034	475	1	9
s	54.7034	476	1	8
d	54.7626	476	1	8
s	54.7626	477	1	7
a	54.7958	485	1	7
a	54.868	486	1	8
a	54.8942	487	1	9
a	54.9332	488	1	10
d	55.0598	477	1	11
s	55.0598	478	1	10
d	55.091	478	1	10
s	55.091	479	1	9
d	55.1502	479	1	9
s	55.1502	480	1	8
d	55.1591	480	1	8
s	55.1591	481	1	7
d	55.1724	481	1	7
s	55.1724	482	1	6
d	55.1951	482	1	6
s	55.1951	483	1	5
d	55.3138	483	1	5
s	55.3138	484	1	4
a	55.3473	489	1	4
d	55.4067	484	1	5
s	55.4067	485	1	4
a	55.4285	490	1	4
a	55.476	491	1	5
d	55.7012	485	1	6
s	55.7012	486	1	5
d	55.7275	486	1	5
s	55.7275	487	1	4
d	55.7555	487	1	4
s	55.7555	488	1	3
d	55.907	488	1	3
s	55.907	489	1	2
d	56.0936	489	1	2
s	56.0936	490	1	1
a	56.261	492	1	1
a	56.3054	493	1	2
d	56.3792	490	1	3
s	56.3792	491	1	2
d	56.4853	491	1	2
s	56.4853	492	1	1
d	56.5213	492	1	1
s	56.5213	493	1	0
d	56.5438	493	0	0
a	56.6855	494	0	0
s	56.6855	494	1	0
a	56.6875	495	1	0
a	56.7379	496	1	1
d	56.7684	494	1	2
s	56.7684	495	1	1
d	56.8425	495	1	1
s	56.8425	496	1	0
d	56.8559	496	0	0
a	56.8734	497	0	0
s	56.8734	497	1	0
d	57.1269	497	0	0
a	57.1282	498	0	0
s	57.1282	498	1	0
d	57.3225	498	0	0
a	57.3443	499	0	0
s	57.3443	499	1	0
d	57.3529	499	0	0
a	57.4749	500	0	0
s	57.4749	500	1	0
a	57.4978	501	1	0
d	57.5733	500	1	1
s	57.5733	501	1	0
d	57.5938	501	0	0
a	57.8384	502	0	0
s	57.8384	502	1	0
a	57.8504	503	1	0
d	57.9811	502	1	1
s	57.9811	503	1	0
a	58.0015	504	1	0
d	58.1123	503	1	1
s	58.1123	504	1	0
a	58.176	505	1	0
a	58.1946	506	1	1
a	58.2094	507	1	2
a	58.2227	508	1	3
a	58.2414	509	1	4
d	58.2595	504	1	5
s	58.2595	505	1	4
a	58.2965	510	1	4
a	58.4911	511	1	5
d	58.5792	505	1	6
s	58.5792	506	1	5
a	58.6793	512	1	5
d	58.6825	506	1	6
s	58.6825	507	1	5
a	58.7682	513	1	5
a	58.7806	514	1	6
a	58.8332	515	1	7
d	58.8512	507	1	8
s	58.8512	508	1	7
d	58.8605	508	1	7
s	58.8605	509	1	6
a	58.9004	516	1	6
d	58.9254	509	1	7
s	58.9254	510	1	6
d	58.9254	510	1	6
s	58.9254	511	1	5
d	58.9286	511	1	5
s	58.9286	512	1	4
a	58.9353	517	1	4
d	58.9428	512	1	5
s	58.9428	513	1	4
a	58.9546	518	1	4
a	59.0638	519	1	5
d	59.1347	513	1	6
s	59.1347	514	1	5
a	59.2035	520	1	5
a	59.2064	521	1	6
a	59.2396	522	1	7
a	59.2767	523	1	8
d	59.3114	514	1	9
s	59.3114	515	1	8
d	59.3552	515	1	8
s	59.3552	516	1	7
d	59.376	516	1	7
s	59.376	517	1	6
d	59.4066	517	1	6
s	59.4066	518	1	5
d	59.4267	518	1	5
s	59.4267	519	1	4
d	59.6349	519	1	4
s	59.6349	520	1	3
a	59.6631	524	1	3
d	59.6679	520	1	4
s	59.6679	521	1	3
d	59.7111	521	1	3
s	59.7111	522	1	2
d	59.7199	522	1	2
s	59.7199	523	1	1
d	59.7316	523	1	1
s	59.7316	524	1	0
a	59.772	525	1	0
a	59.8006	526	1	1
a	59.8896	527	1	2
d	60.0753	524	1	3
s	60.0753	525	1	2
d	60.2228	525	1	2
s	60.2228	526	1	1
d	60.31	526	1	1
s	60.31	527	1	0
a	60.4322	528	1	0
a	60.4416	529	1	1
d	60.4954	527	1	2
s	60.4954	528	1	1
a	60.5182	530	1	1
a	60.5495	531	1	2
a	60.5604	532	1	3
d	60.6369	528	1	4
s	60.6369	529	1	3
a	60.732	533	1	3
a	60.7609	534	1	4
a	60.9251	535	1	5
d	60.9808	529	1	6
s	60.9808	530	1	5
a	60.9902	536	1	5
d	61.0023	530	1	6
s	61.0023	531	1	5
a	61.008	537	1	5
a	61.0766	538	1	6
a	61.0776	539	1	7
a	61.0931	540	1	8
d	61.1127	531	1	9
s	61.1127	532	1	8
a	61.1415	541	1	8
a	61.1646	542	1	9
d	61.2607	532	1	10
s	61.2607	533	1	9
a	61.2747	543	1	9
d	61.3609	533	1	10
s	61.3609	534	1	9
d	61.4187	534	1	9
s	61.4187	535	1	8
d	61.5108	535	1	8
s	61.5108	536	1	7
a	61.6473	544	1	7
d	61.7231	536	1	8
s	61.7231	537	1	7
d	61.7337	537	1	7
s	61.7337	538	1	6
a	61.7722	545	1	6
a	61.7791	546	1	7
d	61.8939	538	1	8
s	61.8939	539	1	7
d	61.9102	539	1	7
s	61.9102	540	1	6
d	61.9215	540	1	6
s	61.9215	541	1	5
d	62.0023	541	1	5
s	62.0023	542	1	4
a	62.0101	547	1	4
a	62.0606	548	1	5
a	62.125	549	1	6
d	62.1528	542	1	7
s	62.1528	543	1	6
a	62.1774	550	1	6
d	62.2386	543	1	7
s	62.2386	544	1	6
d	62.2532	544	1	6
s	62.2532	545	1	5
d	62.4501	545	1	5
s	62.4501	546	1	4
d	62.582	546	1	4
s	62.582	547	1	3
a	62.6336	551	1	3
a	62.6761	552	1	4
d	62.7051	547	1	5
s	62.7051	548	1	4
d	62.7094	548	1	4
s	62.7094	549	1	3
a	62.7403	553	1	3
d	62.7592	549	1	4
s	62.7592	550	1	3
a	62.7667	554	1	3
a	62.789	555	1	4
a	62.8225	556	1	5
d	62.8454	550	1	6
s	62.8454	551	1	5
d	62.9114	551	1	5
s	62.9114	552	1	4
a	63.0444	557	1	4
d	63.3022	552	1	5
s	63.3022	553	1	4
d	63.3312	553	1	4
s	63.3312	554	1	3
d	63.4409	554	1	3
s	63.4409	555	1	2
d	63.4512	555	1	2
s	63.4512	556	1	1
d	63.5284	556	1	1
s	63.5284	557	1	0
d	63.5548	557	0	0
a	63.5959	558	0	0
s	63.5959	558	1	0
a	63.6471	559	1	0
d	63.8945	558	1	1
s	63.8945	559	1	0
d	63.9327	559	0	0
a	64.0607	560	0	0
s	64.0607	560	1	0
d	64.0638	560	0	0
a	64.1376	561	0	0
s	64.1376	561	1	0
d	64.1724	561	0	0
a	64.2848	562	0	0
s	64.2848	562	1	0
d	64.3044	562	0	0
a	64.3332	563	0	0
s	64.3332	563	1	0
d	64.3848	563	0	0
a	64.4814	564	0	0
s	64.4814	564	1	0
d	64.4983	564	0	0
a	64.5676	565	0	0
s	64.5676	565	1	0
d	64.5967	565	0	0
a	64.6838	566	0	0
s	64.6838	566	1	0
a	64.7661	567	1	0
a	64.8181	568	1	1
a	64.9189	569	1	2
a	65.0253	570	1	3
d	65.1072	566	1	4
s	65.1072	567	1	3
d	65.2314	567	1	3
s	65.2314	568	1	2
d	65.283	568	1	2
s	65.283	569	1	1
d	65.2953	569	1	1
s	65.2953	570	1	0
d	65.3792	570	0	0
a	65.4241	571	0	0
s	65.4241	571	1	0
d	65.4312	571	0	0
a	65.5308	572	0	0
s	65.5308	572	1	0
d	65.5937	572	0	0
a	66.0417	573	0	0
s	66.0417	573	1	0
d	66.0443	573	0	0
a	66.0578	574	0	0
s	66.0578	574	1	0
a	66.0974	575	1	0
d	66.1404	574	1	1
s	66.1404	575	1	0
d	66.1911	575	0	0
a	66.2196	576	0	0
s	66.2196	576	1	0
a	66.2842	577	1	0
d	66.2893	576	1	1
s	66.2893	577	1	0
d	66.3865	577	0	0
a	66.6446	578	0	0
s	66.6446	578	1	0
a	66.6518	579	1	0
a	66.6686	580	1	1
a	66.6727	581	1	2
a	66.7278	582	1	3
a	66.7876	583	1	4
d	66.7903	578	1	5
s	66.7903	579	1	4
d	66.8802	579	1	4
s	66.8802	580	1	3
d	66.9988	580	1	3
s	66.9988	581	1	2
d	67.0684	581	1	2
s	67.0684	582	1	1
a	67.0733	584	1	1
a	67.0882	585	1	2
a	67.2204	586	1	3
a	67.2478	587	1	4
a	67.2555	588	1	5
a	67.3144	589	1	6
d	67.3209	582	1	7
s	67.3209	583	1	6
d	67.4485	583	1	6
s	67.4485	584	1	5
a	67.4846	590	1	5
a	67.4995	591	1	6
d	67.5063	584	1	7
s	67.5063	585	1	6
d	67.6263	585	1	6
s	67.6263	586	1	5
a	67.6535	592	1	5
d	67.6581	586	1	6
s	67.6581	587	1	5
a	67.6694	593	1	5
d	67.8046	587	1	6
s	67.8046	588	1	5
a	67.8535	594	1	5
a	67.8664	595	1	6
d	67.8852	588	1	7
s	67.8852	589	1	6
a	67.928	596	1	6
a	67.9286	597	1	7
d	68.24	589	1	8
s	68.24	590	1	7
a	68.2426	598	1	7
d	68.288	590	1	8
s	68.288	591	1	7
a	68.3936	599	1	7
d	68.4652	591	1	8
s	68.4652	592	1	7
d	68.6116	592	1	7
s	68.6116	593	1	6
a	68.6328	600	1	6
a	68.6374	601	1	7
d	68.6819	593	1	8
s	68.6819	594	1	7
d	68.935	594	1	7
s	68.935	595	1	6
a	68.9719	602	1	6
d	69.0435	595	1	7
s	69.0435	596	1	6
d	69.1098	596	1	6
s	69.1098	597	1	5
a	69.1134	603	1	5
d	69.181	597	1	6
s	69.181	598	1	5
d	69.1889	598	1	5
s	69.1889	599	1	4
a	69.2119	604	1	4
d	69.2398	599	1	5
s	69.2398	600	1	4
d	69.3141	600	1	4
s	69.3141	601	1	3
a	69.3486	605	1	3
a	69.3541	606	1	4
d	69.4053	601	1	5
s	69.4053	602	1	4
a	69.4209	607	1	4
d	69.4233	602	1	5
s	69.4233	603	1	4
d	69.4454	603	1	4
s	69.4454	604	1	3
a	69.4465	608	1	3
a	69.4619	609	1	4
d	69.4977	604	1	5
s	69.4977	605	1	4
d	69.504	605	1	4
s	69.504	606	1	3
a	69.5892	610	1	3
a	69.5957	611	1	4
a	69.6324	612	1	5
d	69.6357	606	1	6
s	69.6357	607	1	5
d	69.6612	607	1	5
s	69.6612	608	1	4
d	69.7361	608	1	4
s	69.7361	609	1	3
a	69.8611	613	1	3
d	69.9099	609	1	4
s	69.9099	610	1	3
d	70.2278	610	1	3
s	70.2278	611	1	2
a	70.2638	614	1	2
a	70.2803	615	1	3
d	70.3066	611	1	4
s	70.3066	612	1	3
a	70.5019	616	1	3
a	70.6738	617	1	4
a	70.6961	618	1	5
a	70.7213	619	1	6
d	70.7302	612	1	7
s	70.7302	613	1	6
a	70.7489	620	1	6
d	70.772	613	1	7
s	70.772	614	1	6
d	70.7966	614	1	6
s	70.7966	615	1	5
d	70.8048	615	1	5
s	70.8048	616	1	4
d	70.822	616	1	4
s	70.822	617	1	3
a	70.8832	621	1	3
a	70.9605	622	1	4
d	70.9636	617	1	5
s	70.9636	618	1	4
d	71.2217	618	1	4
s	71.2217	619	1	3
a	71.3795	623	1	3
a	71.4942	624	1	4
a	71.5315	625	1	5
d	71.5694	619	1	6
s	71.5694	620	1	5
a	71.6306	626	1	5
d	71.7407	620	1	6
s	71.7407	621	1	5
a	71.7651	627	1	5
a	71.7979	628	1	6
d	71.911	621	1	7
s	71.911	622	1	6
a	72.0206	629	1	6
a	72.0921	630	1	7
d	72.1954	622	1	8
s	72.1954	623	1	7
a	72.2059	631	1	7
d	72.2168	623	1	8
s	72.2168	624	1	7
d	72.2274	624	1	7
s	72.2274	625	1	6
a	72.4104	632	1	6
d	72.43	625	1	7
s	72.43	626	1	6
d	72.6007	626	1	6
s	72.6007	627	1	5
d	72.6208	627	1	5
s	72.6208	628	1	4
d	72.7598	628	1	4
s	72.7598	629	1	3
a	72.8029	633	1	3
d	72.8158	629	1	4
s	72.8158	630	1	3
d	72.8775	630	1	3
s	72.8775	631	1	2
d	72.9183	631	1	2
s	72.9183	632	1	1
a	72.9205	634	1	1
a	72.9283	635	1	2
d	72.9321	632	1	3
s	72.9321	633	1	2
a	72.9345	636	1	2
a	73.1429	637	1	3
d	73.1573	633	1	4
s	73.1573	634	1	3
d	73.1796	634	1	3
s	73.1796	635	1	2
d	73.1907	635	1	2
s	73.1907	636	1	1
a	73.2078	638	1	1
a	73.223	639	1	2
a	73.2447	640	1	3
a	73.3498	641	1	4
a	73.4165	642	1	5
d	73.4531	636	1	6
s	73.4531	637	1	5
a	73.4607	643	1	5
d	73.5327	637	1	6
s	73.5327	638	1	5
d	73.5379	638	1	5
s	73.5379	639	1	4
d	73.5397	639	1	4
s	73.5397	640	1	3
d	73.5715	640	1	3
s	73.5715	641	1	2
a	73.6015	644	1	2
d	73.6234	641	1	3
s	73.6234	642	1	2
a	73.7461	645	1	2
d	73.826	642	1	3
s	73.826	643	1	2
d	73.877	643	1	2
s	73.877	644	1	1
a	73.926	646	1	1
d	73.9488	644	1	2
s	73.9488	645	1	1
a	74.041	647	1	1
d	74.0958	645	1	2
s	74.0958	646	1	1
a	74.1229	648	1	1
a	74.1288	649	1	2
d	74.1327	646	1	3
s	74.1327	647	1	2
d	74.1345	647	1	2
s	74.1345	648	1	1
a	74.1732	650	1	1
a	74.2472	651	1	2
d	74.2782	648	1	3
s	74.2782	649	1	2
d	74.289	649	1	2
s	74.289	650	1	1
d	74.3615	650	1	1
s	74.3615	651	1	0
a	74.4077	652	1	0
d	74.4734	651	1	1
s	74.4734	652	1	0
a	74.4767	653	1	0
d	74.5295	652	1	1
s	74.5295	653	1	0
a	74.5977	654	1	0
d	74.635	653	1	1
s	74.635	654	1	0
d	74.7587	654	0	0
a	74.7951	655	0	0
s	74.7951	655	1	0
a	74.8041	656	1	0
a	74.8376	657	1	1
a	74.8614	658	1	2
a	74.9092	659	1	3
d	74.9469	655	1	4
s	74.9469	656	1	3
a	74.9509	660	1	3
a	74.9804	661	1	4
d	75.0778	656	1	5
s	75.0778	657	1	4
d	75.1104	657	1	4
s	75.1104	658	1	3
d	75.1256	658	1	3
s	75.1256	659	1	2
d	75.233	659	1	2
s	75.233	660	1	1
a	75.2851	662	1	1
a	75.3657	663	1	2
d	75.5445	660	1	3
s	75.5445	661	1	2
d	75.5622	661	1	2
s	75.5622	662	1	1
d	75.6102	662	1	1
s	75.6102	663	1	0
d	75.6717	663	0	0
a	75.7961	664	0	0
s	75.7961	664	1	0
d	75.8465	664	0	0
a	75.8588	665	0	0
s	75.8588	665	1	0
d	75.884	665	0	0
a	75.9084	666	0	0
s	75.9084	666	1	0
a	75.9389	667	1	0
d	75.9446	666	1	1
s	75.9446	667	1	0
a	75.9547	668	1	0
a	76.0501	669	1	1
a	76.0768	670	1	2
d	76.1291	667	1	3
s	76.1291	668	1	2
d	76.2116	668	1	2
s	76.2116	669	1	1
a	76.5038	671	1	1
d	76.5282	669	1	2
s	76.5282	670	1	1
a	76.5795	672	1	1
d	76.6594	670	1	2
s	76.6594	671	1	1
d	76.8001	671	1	1
s	76.8001	672	1	0
d	76.802	672	0	0
a	76.8777	673	0	0
s	76.8777	673	1	0
a	76.9317	674	1	0
d	76.9458	673	1	1
s	76.9458	674	1	0
d	77.0459	674	0	0
a	77.2255	675	0	0
s	77.2255	675	1	0
d	77.2301	675	0	0
a	77.2423	676	0	0
s	77.2423	676	1	0
d	77.3509	676	0	0
a	77.4	677	0	0
s	77.4	677	1	0
d	77.5239	677	0	0
a	77.7307	678	0	0
s	77.7307	678	1	0
d	77.7315	678	0	0
a	77.926	679	0	0
s	77.926	679	1	0
a	78.0942	680	1	0
d	78.1935	679	1	1
s	78.1935	680	1	0
d	78.2175	680	0	0
a	78.2276	681	0	0
s	78.2276	681	1	0
d	78.2708	681	0	0
a	78.5033	682	0	0
s	78.5033	682	1	0
d	78.6369	682	0	0
a	78.7246	683	0	0
s	78.7246	683	1	0
a	78.7885	684	1	0
d	78.8771	683	1	1
s	78.8771	684	1	0
d	78.9229	684	0	0
a	78.9801	685	0	0
s	78.9801	685	1	0
a	79.0679	686	1	0
a	79.0986	687	1	1
d	79.2037	685	1	2
s	79.2037	686	1	1
a	79.2205	688	1	1
a	79.3609	689	1	2
a	79.4015	690	1	3
a	79.4165	691	1	4
a	79.4795	692	1	5
d	79.4894	686	1	6
s	79.4894	687	1	5
a	79.4951	693	1	5
a	79.5206	694	1	6
a	79.5206	695	1	7
a	79.5711	696	1	8
a	79.6244	697	1	9
a	79.6821	698	1	10
a	79.7402	699	1	11
d	79.7405	687	1	12
s	79.7405	688	1	11
d	79.7427	688	1	11
s	79.7427	689	1	10
d	79.889	689	1	10
s	79.889	690	1	9
a	79.9223	700	1	9
a	80.0813	701	1	10
d	80.2053	690	1	11
s	80.2053	691	1	10
a	80.233	702	1	10
a	80.2585	703	1	11
d	80.2952	691	1	12
s	80.2952	692	1	11
d	80.3057	692	1	11
s	80.3057	693	1	10
d	80.4027	693	1	10
s	80.4027	694	1	9
a	80.403	704	1	9
d	80.4345	694	1	10
s	80.4345	695	1	9
a	80.5783	705	1	9
a	80.6342	706	1	10
d	80.7283	695	1	11
s	80.7283	696	1	10
a	80.7496	707	1	10
a	80.7944	708	1	11
a	80.7971	709	1	12
d	80.8301	696	1	13
s	80.8301	697	1	12
d	80.8411	697	1	12
s	80.8411	698	1	11
d	80.947	698	1	11
s	80.947	699	1	10
d	80.9518	699	1	10
s	80.9518	700	1	9
a	80.9635	710	1	9
d	80.9925	700	1	10
s	80.9925	701	1	9
d	81.119	701	1	9
s	81.119	702	1	8
a	81.1414	711	1	8
a	81.2116	712	1	9
d	81.2224	702	1	10
s	81.2224	703	1	9
a	81.3487	713	1	9
d	81.3739	703	1	10
s	81.3739	704	1	9
d	81.5976	704	1	9
s	81.5976	705	1	8
a	81.605	714	1	8
a	81.6239	715	1	9
d	81.632	705	1	10
s	81.632	706	1	9
d	81.6519	706	1	9
s	81.6519	707	1	8
a	81.6681	716	1	8
a	81.747	717	1	9
a	81.8029	718	1	10
a	81.8104	719	1	11
a	81.9477	720	1	12
a	82.0034	721	1	13
a	82.0358	722	1	14
a	82.0508	723	1	15
a	82.061	724	1	16
a	82.0817	725	1	17
a	82.1374	726	1	18
d	82.1675	707	1	19
s	82.1675	708	1	18
d	82.1918	708	1	18
s	82.1918	709	1	17
a	82.2693	727	1	17
a	82.3373	728	1	18
a	82.3787	729	1	19
d	82.3814	709	1	20
s	82.3814	710	1	19
d	82.3821	710	1	19
s	82.3821	711	1	18
a	82.482	730	1	18
a	82.5806	731	1	19
d	82.6104	711	1	20
s	82.6104	712	1	19
d	82.6479	712	1	19
s	82.6479	713	1	18
d	82.7831	713	1	18
s	82.7831	714	1	17
d	82.9608	714	1	17
s	82.9608	715	1	16
a	82.9802	732	1	16
d	83.1084	715	1	17
s	83.1084	716	1	16
d	83.1232	716	1	16
s	83.1232	717	1	15
d	83.1503	717	1	15
s	83.1503	718	1	14
a	83.1653	733	1	14
a	83.2461	734	1	15
d	83.4547	718	1	16
s	83.4547	719	1	15
d	83.4587	719	1	15
s	83.4587	720	1	14
a	83.5661	735	1	14
a	83.6294	736	1	15
a	83.6336	737	1	16
a	83.6953	738	1	17
d	83.7052	720	1	18
s	83.7052	721	1	17
a	83.7097	739	1	17
d	83.7947	721	1	18
s	83.7947	722	1	17
a	83.8107	740	1	17
a	83.8571	741	1	18
a	83.8787	742	1	19
d	83.883	722	1	20
s	83.883	723	1	19
a	83.8849	743	1	19
d	84.0092	723	1	20
s	84.0092	724	1	19
d	84.0576	724	1	19
s	84.0576	725	1	18
d	84.3583	725	1	18
s	84.3583	726	1	17
d	84.4005	726	1	17
s	84.4005	727	1	16
d	84.4867	727	1	16
s	84.4867	728	1	15
d	84.4914	728	1	15
s	84.4914	729	1	14
d	84.5418	729	1	14
s	84.5418	730	1	13
a	84.5635	744	1	13
a	84.6614	745	1	14
d	84.7023	730	1	15
s	84.7023	731	1	14
d	84.7496	731	1	14
s	84.7496	732	1	13
d	84.7709	732	1	13
s	84.7709	733	1	12
a	84.7811	746	1	12
a	85.0312	747	1	13
a	85.1346	748	1	14
a	85.2773	749	1	15
d	85.3038	733	1	16
s	85.3038	734	1	15
d	85.3231	734	1	15
s	85.3231	735	1	14
d	85.3389	735	1	14
s	85.3389	736	1	13
a	85.405	750	1	13
d	85.4556	736	1	14
s	85.4556	737	1	13
d	85.5127	737	1	13
s	85.5127	738	1	12
a	85.5851	751	1	12
a	85.5857	752	1	13
d	85.5884	738	1	14
s	85.5884	739	1	13
a	85.6786	753	1	13
d	85.6882	739	1	14
s	85.6882	740	1	13
a	85.7753	754	1	13
d	85.7837	740	1	14
s	85.7837	741	1	13
d	85.7968	741	1	13
s	85.7968	742	1	12
a	85.8358	755	1	12
d	85.9054	742	1	13
s	85.9054	743	1	12
d	85.9105	743	1	12
s	85.9105	744	1	11
a	85.9395	756	1	11
d	85.978	744	1	12
s	85.978	745	1	11
d	86.0277	745	1	11
s	86.0277	746	1	10
a	86.0362	757	1	10
d	86.0529	746	1	11
s	86.0529	747	1	10
d	86.2419	747	1	10
s	86.2419	748	1	9
a	86.3119	758	1	9
d	86.3989	748	1	10
s	86.3989	749	1	9
d	86.5137	749	1	9
s	86.5137	750	1	8
a	86.5828	759	1	8
d	86.5888	750	1	9
s	86.5888	751	1	8
a	86.6343	760	1	8
d	86.6989	751	1	9
s	86.6989	752	1	8
d	86.7476	752	1	8
s	86.7476	753	1	7
a	86.9159	761	1	7
d	86.9422	753	1	8
s	86.9422	754	1	7
d	86.9614	754	1	7
s	86.9614	755	1	6
d	87.0437	755	1	6
s	87.0437	756	1	5
d	87.0443	756	1	5
s	87.0443	757	1	4
a	87.057	762	1	4
d	87.1953	757	1	5
s	87.1953	758	1	4
d	87.2609	758	1	4
s	87.2609	759	1	3
a	87.305	763	1	3
d	87.3938	759	1	4
s	87.3938	760	1	3
d	87.449	760	1	3
s	87.449	761	1	2
d	87.475	761	1	2
s	87.475	762	1	1
d	87.698	762	1	1
s	87.698	763	1	0
d	87.7012	763	0	0
a	87.8508	764	0	0
s	87.8508	764	1	0
a	87.8621	765	1	0
a	87.9344	766	1	1
d	87.9504	764	1	2
s	87.9504	765	1	1
d	88.07	765	1	1
s	88.07	766	1	0
a	88.1013	767	1	0
d	88.1437	766	1	1
s	88.1437	767	1	0
a	88.2312	768	1	0
d	88.2318	767	1	1
s	88.2318	768	1	0
d	88.249	768	0	0
a	88.261	769	0	0
s	88.261	769	1	0
d	88.3554	769	0	0
a	88.3554	770	0	0
s	88.3554	770	1	0
d	88.3877	770	0	0
a	88.3896	771	0	0
s	88.3896	771	1	0
d	88.6289	771	0	0
a	88.6679	772	0	0
s	88.6679	772	1	0
a	88.6864	773	1	0
d	88.6963	772	1	1
s	88.6963	773	1	0
a	88.7363	774	1	0
d	88.7985	773	1	1
s	88.7985	774	1	0
a	88.819	775	1	0
a	88.9167	776	1	1
d	89.0346	774	1	2
s	89.0346	775	1	1
a	89.1022	777	1	1
a	89.1123	778	1	2
d	89.1415	775	1	3
s	89.1415	776	1	2
d	89.2586	776	1	2
s	89.2586	777	1	1
a	89.2759	779	1	1
a	89.3953	780	1	2
d	89.4455	777	1	3
s	89.4455	778	1	2
d	89.5756	778	1	2
s	89.5756	779	1	1
a	89.5844	781	1	1
d	89.7336	779	1	2
s	89.7336	780	1	1
a	89.7797	782	1	1
d	89.8429	780	1	2
s	89.8429	781	1	1
d	89.9118	781	1	1
s	89.9118	782	1	0
d	89.9155	782	0	0
a	90.0827	783	0	0
s	90.0827	783	1	0
d	90.1038	783	0	0
a	90.1723	784	0	0
s	90.1723	784	1	0
d	90.1814	784	0	0
a	90.3633	785	0	0
s	90.3633	785	1	0
d	90.4363	785	0	0
a	90.4467	786	0	0
s	90.4467	786	1	0
d	90.4824	786	0	0
a	90.6013	787	0	0
s	90.6013	787	1	0
d	90.6079	787	0	0
a	90.7438	788	0	0
s	90.7438	788	1	0
a	90.7655	789	1	0
a	90.7876	790	1	1
a	90.839	791	1	2
d	90.8643	788	1	3
s	90.8643	789	1	2
a	90.8644	792	1	2
a	91.0137	793	1	3
a	91.1514	794	1	4
a	91.1568	795	1	5
a	91.1736	796	1	6
a	91.2468	797	1	7
a	91.2853	798	1	8
d	91.3577	789	1	9
s	91.3577	790	1	8
d	91.3659	790	1	8
s	91.3659	791	1	7
a	91.4366	799	1	7
d	91.437	791	1	8
s	91.437	792	1	7
d	91.4561	792	1	7
s	91.4561	793	1	6
a	91.6999	800	1	6
d	91.7129	793	1	7
s	91.7129	794	1	6
d	91.8086	794	1	6
s	91.8086	795	1	5
a	91.8403	801	1	5
d	91.8528	795	1	6
s	91.8528	796	1	5
a	91.914	802	1	5
d	91.9368	796	1	6
s	91.9368	797	1	5
d	91.9393	797	1	5
s	91.9393	798	1	4
a	92.1319	803	1	4
d	92.1989	798	1	5
s	92.1989	799	1	4
d	92.2078	799	1	4
s	92.2078	800	1	3
d	92.2966	800	1	3
s	92.2966	801	1	2
d	92.3246	801	1	2
s	92.3246	802	1	1
d	92.4919	802	1	1
s	92.4919	803	1	0
a	92.7165	804	1	0
d	92.7205	803	1	1
s	92.7205	804	1	0
d	92.7594	804	0	0
a	92.812	805	0	0
s	92.812	805	1	0
a	92.8335	806	1	0
a	92.8533	807	1	1
d	92.876	805	1	2
s	92.876	806	1	1
d	92.9454	806	1	1
s	92.9454	807	1	0
d	92.9593	807	0	0
a	92.9982	808	0	0
s	92.9982	808	1	0
a	93.0015	809	1	0
a	93.0703	810	1	1
d	93.1885	808	1	2
s	93.1885	809	1	1
a	93.2382	811	1	1
a	93.4144	812	1	2
d	93.4592	809	1	3
s	93.4592	810	1	2
a	93.5945	813	1	2
d	93.6238	810	1	3
s	93.6238	811	1	2
d	93.6282	811	1	2
s	93.6282	812	1	1
d	93.6804	812	1	1
s	93.6804	813	1	0
d	93.7107	813	0	0
a	93.7736	814	0	0
s	93.7736	814	1	0
a	93.8165	815	1	0
a	93.8433	816	1	1
a	93.8524	817	1	2
a	93.8606	818	1	3
a	93.8794	819	1	4
d	93.8959	814	1	5
s	93.8959	815	1	4
a	94.0295	820	1	4
d	94.1209	815	1	5
s	94.1209	816	1	4
d	94.131	816	1	4
s	94.131	817	1	3
d	94.3218	817	1	3
s	94.3218	818	1	2
d	94.3332	818	1	2
s	94.3332	819	1	1
a	94.3387	821	1	1
a	94.3436	822	1	2
d	94.4355	819	1	3
s	94.4355	820	1	2
a	94.4507	823	1	2
a	94.4928	824	1	3
a	94.506	825	1	4
d	94.546	820	1	5
s	94.546	821	1	4
a	94.6135	826	1	4
d	94.6296	821	1	5
s	94.6296	822	1	4
a	94.6573	827	1	4
a	94.7382	828	1	5
d	94.7616	822	1	6
s	94.7616	823	1	5
d	94.7837	823	1	5
s	94.7837	824	1	4
d	94.8067	824	1	4
s	94.8067	825	1	3
a	94.8092	829	1	3
d	94.836	825	1	4
s	94.836	826	1	3
d	94.8549	826	1	3
s	94.8549	827	1	2
a	94.8892	830	1	2
d	94.913	827	1	3
s	94.913	828	1	2
d	95.0188	828	1	2
s	95.0188	829	1	1
a	95.0311	831	1	1
a	95.0414	832	1	2
a	95.0715	833	1	3
a	95.1824	834	1	4
d	95.3105	829	1	5
s	95.3105	830	1	4
a	95.3229	835	1	4
a	95.448	836	1	5
d	95.4659	830	1	6
s	95.4659	831	1	5
d	95.4785	831	1	5
s	95.4785	832	1	4
d	95.6176	832	1	4
s	95.6176	833	1	3
d	95.7083	833	1	3
s	95.7083	834	1	2
a	95.7805	837	1	2
a	95.7953	838	1	3
a	95.8506	839	1	4
a	95.8777	840	1	5
d	95.9015	834	1	6
s	95.9015	835	1	5
d	95.981	835	1	5
s	95.981	836	1	4
d	96.0082	836	1	4
s	96.0082	837	1	3
a	96.0583	841	1	3
d	96.0918	837	1	4
s	96.0918	838	1	3
a	96.1085	842	1	3
d	96.1136	838	1	4
s	96.1136	839	1	3
d	96.2267	839	1	3
s	96.2267	840	1	2
d	96.2305	840	1	2
s	96.2305	841	1	1
d	96.2648	841	1	1
s	96.2648	842	1	0
a	96.3025	843	1	0
a	96.3189	844	1	1
d	96.427	842	1	2
s	96.427	843	1	1
d	96.4567	843	1	1
s	96.4567	844	1	0
a	96.6579	845	1	0
d	96.789	844	1	1
s	96.789	845	1	0
a	96.8839	846	1	0
a	96.9498	847	1	1
a	97.0125	848	1	2
d	97.0386	845	1	3
s	97.0386	846	1	2
a	97.0824	849	1	2
d	97.1905	846	1	3
s	97.1905	847	1	2
d	97.3094	847	1	2
s	97.3094	848	1	1
a	97.367	850	1	1
a	97.4657	851	1	2
d	97.5836	848	1	3
s	97.5836	849	1	2
a	97.6893	852	1	2
a	97.7113	853	1	3
d	97.7216	849	1	4
s	97.7216	850	1	3
a	97.7864	854	1	3
a	97.7877	855	1	4
a	97.7974	856	1	5
d	97.853	850	1	6
s	97.853	851	1	5
d	97.9787	851	1	5
s	97.9787	852	1	4
d	98.0134	852	1	4
s	98.0134	853	1	3
a	98.0314	857	1	3
d	98.0887	853	1	4
s	98.0887	854	1	3
a	98.1671	858	1	3
d	98.1952	854	1	4
s	98.1952	855	1	3
d	98.2162	855	1	3
s	98.2162	856	1	2
a	98.2387	859	1	2
d	98.2821	856	1	3
s	98.2821	857	1	2
d	98.3008	857	1	2
s	98.3008	858	1	1
d	98.3598	858	1	1
s	98.3598	859	1	0
a	98.5385	860	1	0
d	98.5865	859	1	1
s	98.5865	860	1	0
d	98.592	860	0	0
a	98.6134	861	0	0
s	98.6134	861	1	0
d	98.6458	861	0	0
a	98.6964	862	0	0
s	98.6964	862	1	0
a	98.7058	863	1	0
a	98.7725	864	1	1
d	98.776	862	1	2
s	98.776	863	1	1
d	98.7882	863	1	1
s	98.7882	864	1	0
d	98.8298	864	0	0
a	98.8844	865	0	0
s	98.8844	865	1	0
a	98.9598	866	1	0
d	99.0943	865	1	1
s	99.0943	866	1	0
a	99.2026	867	1	0
d	99.2217	866	1	1
s	99.2217	867	1	0
d	99.2451	867	0	0
a	99.2697	868	0	0
s	99.2697	868	1	0
a	99.2867	869	1	0
a	99.3195	870	1	1
d	99.3694	868	1	2
s	99.3694	869	1	1
a	99.4049	871	1	1
d	99.4716	869	1	2
s	99.4716	870	1	1
a	99.4956	872	1	1
d	99.5251	870	1	2
s	99.5251	871	1	1
d	99.571	871	1	1
s	99.571	872	1	0
a	99.6034	873	1	0
d	99.6294	872	1	1
s	99.6294	873	1	0
d	99.6472	873	0	0
a	99.6843	874	0	0
s	99.6843	874	1	0
d	99.8527	874	0	0
a	100.199	875	0	0
s	100.199	875	1	0
d	100.421	875	0	0
a	100.555	876	0	0
s	100.555	876	1	0
d	100.706	876	0	0
a	100.707	877	0	0
s	100.707	877	1	0
a	100.745	878	1	0
d	100.796	877	1	1
s	100.796	878	1	0
a	100.836	879	1	0
a	100.903	880	1	1
a	100.921	881	1	2
a	100.944	882	1	3
d	100.998	878	1	4
s	100.998	879	1	3
d	101.005	879	1	3
s	101.005	880	1	2
a	101.114	883	1	2
d	101.121	880	1	3
s	101.121	881	1	2
d	101.171	881	1	2
s	101.171	882	1	1
a	101.329	884	1	1
a	101.334	885	1	2
a	101.404	886	1	3
a	101.509	887	1	4
d	101.629	882	1	5
s	101.629	883	1	4
d	101.773	883	1	4
s	101.773	884	1	3
d	101.785	884	1	3
s	101.785	885	1	2
d	101.838	885	1	2
s	101.838	886	1	1
a	101.997	888	1	1
d	102.026	886	1	2
s	102.026	887	1	1
d	102.088	887	1	1
s	102.088	888	1	0
d	102.097	888	0	0
a	102.453	889	0	0
s	102.453	889	1	0
d	102.495	889	0	0
a	102.619	890	0	0
s	102.619	890	1	0
a	102.623	891	1	0
d	102.709	890	1	1
s	102.709	891	1	0
d	102.801	891	0	0
a	102.882	892	0	0
s	102.882	892	1	0
d	102.95	892	0	0
a	103.003	893	0	0
s	103.003	893	1	0
a	103.055	894	1	0
d	103.114	893	1	1
s	103.114	894	1	0
a	103.209	895	1	0
d	103.238	894	1	1
s	103.238	895	1	0
d	103.249	895	0	0
a	103.279	896	0	0
s	103.279	896	1	0
d	103.353	896	0	0
a	103.403	897	0	0
s	103.403	897	1	0
d	103.442	897	0	0
a	103.489	898	0	0
s	103.489	898	1	0
d	103.543	898	0	0
a	103.587	899	0	0
s	103.587	899	1	0
d	103.595	899	0	0
a	103.822	900	0	0
s	103.822	900	1	0
d	103.863	900	0	0
a	104.034	901	0	0
s	104.034	901	1	0
d	104.173	901	0	0
a	104.277	902	0	0
s	104.277	902	1	0
a	104.319	903	1	0
a	104.34	904	1	1
a	104.419	905	1	2
d	104.506	902	1	3
s	104.506	903	1	2
a	104.507	906	1	2
d	104.548	903	1	3
s	104.548	904	1	2
d	104.593	904	1	2
s	104.593	905	1	1
a	104.603	907	1	1
a	104.624	908	1	2
a	104.735	909	1	3
a	104.749	910	1	4
a	104.822	911	1	5
d	104.824	905	1	6
s	104.824	906	1	5
a	104.826	912	1	5
a	104.862	913	1	6
a	104.913	914	1	7
d	104.917	906	1	8
s	104.917	907	1	7
d	104.937	907	1	7
s	104.937	908	1	6
d	104.953	908	1	6
s	104.953	909	1	5
a	105.022	915	1	5
a	105.055	916	1	6
a	105.168	917	1	7
d	105.228	909	1	8
s	105.228	910	1	7
d	105.248	910	1	7
s	105.248	911	1	6
d	105.273	911	1	6
s	105.273	912	1	5
a	105.329	918	1	5
a	105.393	919	1	6
d	105.402	912	1	7
s	105.402	913	1	6
a	105.586	920	1	6
d	105.611	913	1	7
s	105.611	914	1	6
a	105.617	921	1	6
d	105.699	914	1	7
s	105.699	915	1	6
a	105.759	922	1	6
a	105.827	923	1	7
d	105.876	915	1	8
s	105.876	916	1	7
a	105.985	924	1	7
d	105.99	916	1	8
s	105.99	917	1	7
d	106.032	917	1	7
s	106.032	918	1	6
d	106.068	918	1	6
s	106.068	919	1	5
d	106.108	919	1	5
s	106.108	920	1	4
a	106.15	925	1	4
d	106.152	920	1	5
s	106.152	921	1	4
d	106.263	921	1	4
s	106.263	922	1	3
d	106.268	922	1	3
s	106.268	923	1	2
d	106.381	923	1	2
s	106.381	924	1	1
a	106.471	926	1	1
d	106.499	924	1	2
s	106.499	925	1	1
d	106.599	925	1	1
s	106.599	926	1	0
a	106.672	927	1	0
a	106.677	928	1	1
d	106.728	926	1	2
s	106.728	927	1	1
a	106.837	929	1	1
d	106.862	927	1	2
s	106.862	928	1	1
a	106.889	930	1	1
d	106.89	928	1	2
s	106.89	929	1	1
a	106.949	931	1	1
a	106.987	932	1	2
d	107.021	929	1	3
s	107.021	930	1	2
d	107.054	930	1	2
s	107.054	931	1	1
a	107.107	933	1	1
a	107.147	934	1	2
a	107.198	935	1	3
a	107.428	936	1	4
d	107.438	931	1	5
s	107.438	932	1	4
a	107.465	937	1	4
d	107.535	932	1	5
s	107.535	933	1	4
a	107.536	938	1	4
d	107.549	933	1	5
s	107.549	934	1	4
a	107.595	939	1	4
d	107.619	934	1	5
s	107.619	935	1	4
d	107.659	935	1	4
s	107.659	936	1	3
d	107.718	936	1	3
s	107.718	937	1	2
d	107.823	937	1	2
s	107.823	938	1	1
d	107.879	938	1	1
s	107.879	939	1	0
d	107.906	939	0	0
a	107.981	940	0	0
s	107.981	940	1	0
d	108.36	940	0	0
a	108.798	941	0	0
s	108.798	941	1	0
a	108.831	942	1	0
d	108.859	941	1	1
s	108.859	942	1	0
d	108.882	942	0	0
a	108.971	943	0	0
s	108.971	943	1	0
d	108.989	943	0	0
a	109.007	944	0	0
s	109.007	944	1	0
a	109.076	945	1	0
d	109.129	944	1	1
s	109.129	945	1	0
a	109.176	946	1	0
a	109.281	947	1	1
d	109.357	945	1	2
s	109.357	946	1	1
d	109.397	946	1	1
s	109.397	947	1	0
a	109.54	948	1	0
d	109.58	947	1	1
s	109.58	948	1	0
a	109.581	949	1	0
a	109.615	950	1	1
d	109.619	948	1	2
s	109.619	949	1	1
a	109.628	951	1	1
d	109.647	949	1	2
s	109.647	950	1	1
a	109.691	952	1	1
d	109.78	950	1	2
s	109.78	951	1	1
d	109.912	951	1	1
s	109.912	952	1	0
a	109.935	953	1	0
a	109.937	954	1	1
d	109.943	952	1	2
s	109.943	953	1	1
a	110.017	955	1	1
a	110.042	956	1	2
a	110.096	957	1	3
d	110.097	953	1	4
s	110.097	954	1	3
d	110.17	954	1	3
s	110.17	955	1	2
d	110.17	955	1	2
s	110.17	956	1	1
a	110.213	958	1	1
a	110.219	959	1	2
d	110.268	956	1	3
s	110.268	957	1	2
d	110.315	957	1	2
s	110.315	958	1	1
d	110.37	958	1	1
s	110.37	959	1	0
a	110.387	960	1	0
a	110.395	961	1	1
a	110.482	962	1	2
a	110.531	963	1	3
d	110.563	959	1	4
s	110.563	960	1	3
d	110.605	960	1	3
s	110.605	961	1	2
d	110.635	961	1	2
s	110.635	962	1	1
d	110.865	962	1	1
s	110.865	963	1	0
a	110.867	964	1	0
d	110.908	963	1	1
s	110.908	964	1	0
a	111.046	965	1	0
d	111.053	964	1	1
s	111.053	965	1	0
d	111.053	965	0	0
a	111.081	966	0	0
s	111.081	966	1	0
a	111.093	967	1	0
d	111.109	966	1	1
s	111.109	967	1	0
d	111.12	967	0	0
a	111.16	968	0	0
s	111.16	968	1	0
d	111.174	968	0	0
a	111.214	969	0	0
s	111.214	969	1	0
d	111.247	969	0	0
a	111.249	970	0	0
s	111.249	970	1	0
a	111.28	971	1	0
d	111.437	970	1	1
s	111.437	971	1	0
a	111.489	972	1	0
d	111.528	971	1	1
s	111.528	972	1	0
a	111.543	973	1	0
d	111.561	972	1	1
s	111.561	973	1	0
a	111.563	974	1	0
d	111.573	973	1	1
s	111.573	974	1	0
d	111.666	974	0	0
a	111.869	975	0	0
s	111.869	975	1	0
d	111.92	975	0	0
a	111.949	976	0	0
s	111.949	976	1	0
a	111.979	977	1	0
d	112.029	976	1	1
s	112.029	977	1	0
a	112.04	978	1	0
a	112.1	979	1	1
d	112.138	977	1	2
s	112.138	978	1	1
d	112.166	978	1	1
s	112.166	979	1	0
a	112.213	980	1	0
d	112.417	979	1	1
s	112.417	980	1	0
d	112.418	980	0	0
a	112.474	981	0	0
s	112.474	981	1	0
a	112.577	982	1	0
d	112.785	981	1	1
s	112.785	982	1	0
a	112.824	983	1	0
d	112.873	982	1	1
s	112.873	983	1	0
a	112.917	984	1	0
d	113.004	983	1	1
s	113.004	984	1	0
a	113.005	985	1	0
d	113.154	984	1	1
s	113.154	985	1	0
a	113.154	986	1	0
a	113.166	987	1	1
a	113.181	988	1	2
d	113.198	985	1	3
s	113.198	986	1	2
a	113.27	989	1	2
d	113.287	986	1	3
s	113.287	987	1	2
d	113.29	987	1	2
s	113.29	988	1	1
d	113.321	988	1	1
s	113.321	989	1	0
d	113.428	989	0	0
a	113.432	990	0	0
s	113.432	990	1	0
d	113.464	990	0	0
a	113.488	991	0	0
s	113.488	991	1	0
a	113.501	992	1	0
d	113.536	991	1	1
s	113.536	992	1	0
a	113.543	993	1	0
d	113.68	992	1	1
s	113.68	993	1	0
d	113.743	993	0	0
a	113.789	994	0	0
s	113.789	994	1	0
d	113.823	994	0	0
a	113.852	995	0	0
s	113.852	995	1	0
a	113.927	996	1	0
a	114.014	997	1	1
a	114.017	998	1	2
a	114.03	999	1	3
a	114.069	1000	1	4
d	114.272	995	1	5
s	114.272	996	1	4
d	114.412	996	1	4
s	114.412	997	1	3
d	114.639	997	1	3
s	114.639	998	1	2
d	114.771	998	1	2
s	114.771	999	1	1
d	114.847	999	1	1
s	114.847	1000	1	0
d	114.897	1000	0	0
